----- R CMD build (Mon Jan 11 11:31:36 EST 2016)          -----
R version 3.2.2 (2015-08-14) -- "Fire Safety"
Copyright (C) 2015 The R Foundation for Statistical Computing
Platform: x86_64-pc-linux-gnu (64-bit)

R is free software and comes with ABSOLUTELY NO WARRANTY.
You are welcome to redistribute it under the terms of the
GNU General Public License versions 2 or 3.
For more information about these matters see
http://www.gnu.org/licenses/.

----- R CMD build STARTING (Mon Jan 11 11:31:36 EST 2016) -----
* checking for file '/cluster/ifs/users/mullikin/Klein/steve/projects/ZZZ-ExampleDataset/TestSets/QoRTsPipelineWalkthrough/outputData/JctSeqData/DESCRIPTION' ... OK
* preparing 'JctSeqData':
* checking DESCRIPTION meta-information ... OK
* installing the package to build vignettes
* creating vignettes ... OK
* checking for LF line-endings in source and make files
* checking for empty or unneeded directories
* looking to see if a 'data/datalist' file should be added
* re-saving image files
* building 'JctSeqData_0.99.6.tar.gz'

----- R CMD build COMPLETE (Mon Jan 11 11:34:50 EST 2016) -----
