----- R CMD build STARTING (17:29:39.40, Fri 11/20/2015) -----         
R version 3.2.2 (2015-08-14) -- "Fire Safety"
Copyright (C) 2015 The R Foundation for Statistical Computing
Platform: x86_64-w64-mingw32/x64 (64-bit)

R is free software and comes with ABSOLUTELY NO WARRANTY.
You are welcome to redistribute it under the terms of the
GNU General Public License versions 2 or 3.
For more information about these matters see
http://www.gnu.org/licenses/.

--------------------------------------------------------------         
* checking for file 'JunctionSeq/DESCRIPTION' ... OK
* preparing 'JunctionSeq':
* checking DESCRIPTION meta-information ... OK
* cleaning src
* installing the package to build vignettes
* creating vignettes ... OK
* cleaning src
* checking for LF line-endings in source and make files
* checking for empty or unneeded directories
* building 'JunctionSeq_0.6.12.tar.gz'
----- R CMD build COMPLETE (17:42:43.09, Fri 11/20/2015) -----         
