* installing *source* package 'JunctionSeq' ...
** libs

*** arch - i386
g++ -m32 -I"C:/PROGRA~1/R/R-32~1.2/include" -DNDEBUG    -I"C:/Users/hartleys/Documents/R/win-library/3.2/Rcpp/include" -I"C:/Users/hartleys/Documents/R/win-library/3.2/RcppArmadillo/include" -I"d:/RCompile/r-compiling/local/local320/include"     -O2 -Wall  -mtune=core2 -c DESeq2.cpp -o DESeq2.o
g++ -m32 -I"C:/PROGRA~1/R/R-32~1.2/include" -DNDEBUG    -I"C:/Users/hartleys/Documents/R/win-library/3.2/Rcpp/include" -I"C:/Users/hartleys/Documents/R/win-library/3.2/RcppArmadillo/include" -I"d:/RCompile/r-compiling/local/local320/include"     -O2 -Wall  -mtune=core2 -c RcppExports.cpp -o RcppExports.o
g++ -m32 -shared -s -static-libgcc -o JunctionSeq.dll tmp.def DESeq2.o RcppExports.o -LC:/PROGRA~1/R/R-32~1.2/bin/i386 -lRlapack -LC:/PROGRA~1/R/R-32~1.2/bin/i386 -lRblas -lgfortran -Ld:/RCompile/r-compiling/local/local320/lib/i386 -Ld:/RCompile/r-compiling/local/local320/lib -LC:/PROGRA~1/R/R-32~1.2/bin/i386 -lR
installing to C:/Users/hartleys/work/nihwork/home_copy/projects/ZZZ-JunctionSeq/releases/v0.6.16/buildScripts/altBuilds/JunctionSeq.Rcheck/JunctionSeq/libs/i386

*** arch - x64
g++ -m64 -I"C:/PROGRA~1/R/R-32~1.2/include" -DNDEBUG    -I"C:/Users/hartleys/Documents/R/win-library/3.2/Rcpp/include" -I"C:/Users/hartleys/Documents/R/win-library/3.2/RcppArmadillo/include" -I"d:/RCompile/r-compiling/local/local320/include"     -O2 -Wall  -mtune=core2 -c DESeq2.cpp -o DESeq2.o
g++ -m64 -I"C:/PROGRA~1/R/R-32~1.2/include" -DNDEBUG    -I"C:/Users/hartleys/Documents/R/win-library/3.2/Rcpp/include" -I"C:/Users/hartleys/Documents/R/win-library/3.2/RcppArmadillo/include" -I"d:/RCompile/r-compiling/local/local320/include"     -O2 -Wall  -mtune=core2 -c RcppExports.cpp -o RcppExports.o
g++ -m64 -shared -s -static-libgcc -o JunctionSeq.dll tmp.def DESeq2.o RcppExports.o -LC:/PROGRA~1/R/R-32~1.2/bin/x64 -lRlapack -LC:/PROGRA~1/R/R-32~1.2/bin/x64 -lRblas -lgfortran -Ld:/RCompile/r-compiling/local/local320/lib/x64 -Ld:/RCompile/r-compiling/local/local320/lib -LC:/PROGRA~1/R/R-32~1.2/bin/x64 -lR
installing to C:/Users/hartleys/work/nihwork/home_copy/projects/ZZZ-JunctionSeq/releases/v0.6.16/buildScripts/altBuilds/JunctionSeq.Rcheck/JunctionSeq/libs/x64
** R
** inst
** preparing package for lazy loading
** help
*** installing help indices
** building package indices
** installing vignettes
** testing if installed package can be loaded
*** arch - i386
*** arch - x64
* DONE (JunctionSeq)
