Hmm ... looks like a package
This is pdfTeX, Version 3.14159265-2.6-1.40.15 (TeX Live 2014/W32TeX) (preloaded format=pdflatex)
 restricted \write18 enabled.
entering extended mode
(./Rd2.tex
LaTeX2e <2014/05/01>
Babel <3.9k> and hyphenation patterns for 79 languages loaded.

(c:/texlive/2014/texmf-dist/tex/latex/base/book.cls
Document Class: book 2007/10/19 v1.4h Standard LaTeX document class
(c:/texlive/2014/texmf-dist/tex/latex/base/bk10.clo))
(c:/PROGRA~1/R/R-3.2.2/share/texmf/tex/latex/Rd.sty
(c:/texlive/2014/texmf-dist/tex/latex/base/ifthen.sty)
(c:/texlive/2014/texmf-dist/tex/latex/tools/longtable.sty)
(c:/texlive/2014/texmf-dist/tex/latex/tools/bm.sty)
(c:/texlive/2014/texmf-dist/tex/latex/base/alltt.sty)
(c:/texlive/2014/texmf-dist/tex/latex/tools/verbatim.sty)
(c:/texlive/2014/texmf-dist/tex/latex/url/url.sty)
(c:/texlive/2014/texmf-dist/tex/latex/base/textcomp.sty
(c:/texlive/2014/texmf-dist/tex/latex/base/ts1enc.def))
(c:/texlive/2014/texmf-dist/tex/latex/base/fontenc.sty
(c:/texlive/2014/texmf-dist/tex/latex/base/t1enc.def))
(c:/texlive/2014/texmf-dist/tex/latex/psnfss/times.sty)
(c:/texlive/2014/texmf-dist/tex/latex/inconsolata/zi4.sty
`inconsolata-zi4' v1.05, 2014/06/22 Text macros for Inconsolata (msharpe)
(c:/texlive/2014/texmf-dist/tex/latex/graphics/keyval.sty))
(c:/texlive/2014/texmf-dist/tex/latex/graphics/color.sty
(c:/texlive/2014/texmf-dist/tex/latex/latexconfig/color.cfg)
(c:/texlive/2014/texmf-dist/tex/latex/pdftex-def/pdftex.def
(c:/texlive/2014/texmf-dist/tex/generic/oberdiek/infwarerr.sty)
(c:/texlive/2014/texmf-dist/tex/generic/oberdiek/ltxcmds.sty)))
(c:/texlive/2014/texmf-dist/tex/latex/hyperref/hyperref.sty
(c:/texlive/2014/texmf-dist/tex/generic/oberdiek/hobsub-hyperref.sty
(c:/texlive/2014/texmf-dist/tex/generic/oberdiek/hobsub-generic.sty))
(c:/texlive/2014/texmf-dist/tex/generic/ifxetex/ifxetex.sty)
(c:/texlive/2014/texmf-dist/tex/latex/oberdiek/auxhook.sty)
(c:/texlive/2014/texmf-dist/tex/latex/oberdiek/kvoptions.sty)
(c:/texlive/2014/texmf-dist/tex/latex/hyperref/pd1enc.def)
(c:/texlive/2014/texmf-dist/tex/latex/latexconfig/hyperref.cfg))

Package hyperref Message: Driver (autodetected): hpdftex.

(c:/texlive/2014/texmf-dist/tex/latex/hyperref/hpdftex.def
(c:/texlive/2014/texmf-dist/tex/latex/oberdiek/rerunfilecheck.sty))

Package hyperref Warning: Option `hyperindex' has already been used,
(hyperref)                setting the option has no effect on input line 366.


Package hyperref Warning: Option `pagebackref' has already been used,
(hyperref)                setting the option has no effect on input line 366.

) (c:/texlive/2014/texmf-dist/tex/latex/base/makeidx.sty)
(c:/texlive/2014/texmf-dist/tex/latex/base/inputenc.sty
(c:/texlive/2014/texmf-dist/tex/latex/base/utf8.def
(c:/texlive/2014/texmf-dist/tex/latex/base/t1enc.dfu)
(c:/texlive/2014/texmf-dist/tex/latex/base/ot1enc.dfu)
(c:/texlive/2014/texmf-dist/tex/latex/base/omsenc.dfu)
(c:/texlive/2014/texmf-dist/tex/latex/base/ts1enc.dfu))
(c:/texlive/2014/texmf-dist/tex/latex/base/latin1.def))
Writing index file Rd2.idx
No file Rd2.aux.
(c:/texlive/2014/texmf-dist/tex/latex/base/ts1cmr.fd)
(c:/texlive/2014/texmf-dist/tex/latex/psnfss/t1ptm.fd)
(c:/texlive/2014/texmf-dist/tex/context/base/supp-pdf.mkii
[Loading MPS to PDF converter (version 2006.09.02).]
) (c:/texlive/2014/texmf-dist/tex/latex/hyperref/nameref.sty
(c:/texlive/2014/texmf-dist/tex/generic/oberdiek/gettitlestring.sty))
(c:/texlive/2014/texmf-dist/tex/latex/inconsolata/t1zi4.fd)
(c:/texlive/2014/texmf-dist/tex/latex/psnfss/ts1ptm.fd)
(c:/texlive/2014/texmf-dist/tex/latex/psnfss/t1phv.fd)
(c:/texlive/2014/texmf-dist/tex/latex/base/utf8.def) [1{c:/texlive/2014/texmf-v
ar/fonts/map/pdftex/updmap/pdftex.map}] [2]
Overfull \hbox (3.20795pt too wide) in paragraph at lines 133--137
[]\T1/ptm/m/n/10 Integer or nu-meric value. This op-tion is usu-ally only used 
with the FDR.threshold
[3]
Overfull \hbox (106.71681pt too wide) in paragraph at lines 175--176
[]\T1/ptm/m/n/10 A named list of R col-ors, set-ting the col-ors used for var-i
-ous things. See [][]\T1/zi4/m/n/10 plotJunctionSeqResultsForGene[][][] 
[4] [5] [6]
Overfull \hbox (33.28886pt too wide) in paragraph at lines 302--309
\T1/ptm/m/n/10 must be a sub-directory of the same par-ent di-rec-tory. The \T1
/zi4/m/n/10 html.compare.results.list

Overfull \hbox (17.94876pt too wide) in paragraph at lines 302--309
\T1/ptm/m/n/10 must be a named list of these sub-di-rec-to-ries. \T1/zi4/m/n/10
 names(html.compare.results.list)

Overfull \hbox (48.57968pt too wide) in paragraph at lines 320--321
[]\T1/ptm/m/n/10 Additional op-tions to pass to [][]\T1/zi4/m/n/10 buildAllPlot
sForGene[][][]\T1/ptm/m/n/10 , [][]\T1/zi4/m/n/10 plotJunctionSeqResultsForGene
[][][]\T1/ptm/m/n/10 ,
[7] (c:/texlive/2014/texmf-dist/tex/latex/base/utf8.def)
Overfull \hbox (2.39955pt too wide) in paragraph at lines 368--371
\T1/ptm/m/n/10 par-tic-u-lar gene. The pa-ram-e-ters \T1/zi4/m/n/10 expr.plot\T
1/ptm/m/n/10 , \T1/zi4/m/n/10 normCounts.plot\T1/ptm/m/n/10 , \T1/zi4/m/n/10 rE
xpr.plot\T1/ptm/m/n/10 , and \T1/zi4/m/n/10 rawCounts.plot
[8] [9]
Overfull \hbox (106.71681pt too wide) in paragraph at lines 457--458
[]\T1/ptm/m/n/10 A named list of R col-ors, set-ting the col-ors used for var-i
-ous things. See [][]\T1/zi4/m/n/10 plotJunctionSeqResultsForGene[][][] 
[10] [11] [12] (c:/texlive/2014/texmf-dist/tex/latex/base/utf8.def) [13]
Overfull \hbox (0.60727pt too wide) in paragraph at lines 639--640
[]\T1/zi4/m/n/10 NOSIG.FEATURE.COLOR \T1/ptm/m/n/10 The color of ver-ti-cal lin
es in the plot-ting panel, for tested but non-significant

Overfull \hbox (21.08093pt too wide) in paragraph at lines 647--650
[]\T1/zi4/m/n/10 SIG.FEATURE.BORDER.COLOR\T1/ptm/m/n/10 , \T1/zi4/m/n/10 NOSIG.
FEATURE.BORDER.COLOR\T1/ptm/m/n/10 , \T1/zi4/m/n/10 UNTESTABLE.FEATURE.BORDER.C
OLOR\T1/ptm/m/n/10 ,

Overfull \hbox (127.98096pt too wide) in paragraph at lines 651--654
[]\T1/zi4/m/n/10 SIG.FEATURE.FILL.COLOR\T1/ptm/m/n/10 , \T1/zi4/m/n/10 NOSIG.FE
ATURE.FILL.COLOR\T1/ptm/m/n/10 , \T1/zi4/m/n/10 UNTESTABLE.FEATURE.FILL.COLOR\T
1/ptm/m/n/10 , \T1/zi4/m/n/10 EXCLUDED.FEATURE.FILL.COLOR
(c:/texlive/2014/texmf-dist/tex/latex/base/utf8.def) [14]
Overfull \hbox (7.76886pt too wide) in paragraph at lines 704--708
[]\T1/ptm/m/n/10 A \T1/zi4/m/n/10 JunctionSeqCountSet\T1/ptm/m/n/10 . Usu-ally 
ini-tially cre-ated by [][]\T1/zi4/m/n/10 readJunctionSeqCounts[][][]\T1/ptm/m/
n/10 .
[15] [16] (c:/texlive/2014/texmf-dist/tex/latex/base/utf8.def)
Overfull \hbox (7.76886pt too wide) in paragraph at lines 836--840
[]\T1/ptm/m/n/10 A \T1/zi4/m/n/10 JunctionSeqCountSet\T1/ptm/m/n/10 . Usu-ally 
ini-tially cre-ated by [][]\T1/zi4/m/n/10 readJunctionSeqCounts[][][]\T1/ptm/m/
n/10 .

Overfull \hbox (0.46881pt too wide) in paragraph at lines 844--848
\T1/ptm/m/n/10 per-sion es-ti-ma-tion method-ol-ogy used by DE-Seq2 and DEXSeq 
v1.12.0 or higher
[17] [18] (c:/texlive/2014/texmf-dist/tex/latex/base/utf8.def)
Overfull \hbox (7.76886pt too wide) in paragraph at lines 963--967
[]\T1/ptm/m/n/10 A \T1/zi4/m/n/10 JunctionSeqCountSet\T1/ptm/m/n/10 . Usu-ally 
ini-tially cre-ated by [][]\T1/zi4/m/n/10 readJunctionSeqCounts[][][]\T1/ptm/m/
n/10 .
[19]
Overfull \hbox (7.40805pt too wide) in paragraph at lines 977--981
[]\T1/ptm/m/n/10 This vari-able ac-ti-vates an al-ter-na-tive mode in which a (
very mi-nor) bug in DEXSeq
[20] (c:/texlive/2014/texmf-dist/tex/latex/base/utf8.def)
Overfull \hbox (7.76886pt too wide) in paragraph at lines 1075--1079
[]\T1/ptm/m/n/10 A \T1/zi4/m/n/10 JunctionSeqCountSet\T1/ptm/m/n/10 . Usu-ally 
ini-tially cre-ated by [][]\T1/zi4/m/n/10 readJunctionSeqCounts[][][]\T1/ptm/m/
n/10 .

Overfull \hbox (0.46881pt too wide) in paragraph at lines 1083--1087
\T1/ptm/m/n/10 per-sion es-ti-ma-tion method-ol-ogy used by DE-Seq2 and DEXSeq 
v1.12.0 or higher
[21]
Overfull \hbox (8.29675pt too wide) in paragraph at lines 1100--1103
\T1/ptm/m/n/10 splice junc-tions are be-ing tested si-mul-tan-iously, this pa-r
am-e-ter de-ter-mines whether
[22] (c:/texlive/2014/texmf-dist/tex/latex/base/utf8.def) [23]
Overfull \hbox (901.56078pt too wide) in paragraph at lines 1272--1274
[]\T1/zi4/m/n/10 newJunctionSeqCountSet( countData,                            
  geneCountData,                              design,                          
    geneIDs,                              countbinIDs,                         
     featureIntervals=NULL,                              transcripts=NULL)\T1/p
tm/m/n/10 :

Overfull \hbox (5.63742pt too wide) in paragraph at lines 1310--1312
[]\T1/ptm/m/n/10 Optional. A data.frame with 4 columns: "chr", "start", "end", 
and "strand".
[24]
Overfull \hbox (5.538pt too wide) in paragraph at lines 1331--1334
[]\T1/ptm/m/n/10 Class \T1/zi4/m/n/10 "[][]eSet[][][]"\T1/ptm/m/n/10 , di-rectl
y. Class \T1/zi4/m/n/10 "[][]VersionedBiobase[][][]"\T1/ptm/m/n/10 , by class "
eSet", dis-tance 2. Class \T1/zi4/m/n/10 "[][]Versioned[][][]"\T1/ptm/m/n/10 ,

Overfull \hbox (61.60887pt too wide) in paragraph at lines 1349--1351
[]\T1/ptm/m/n/10 The proper way to cre-ate a Junc-tion-Se-q-CountSet is to use 
[][]\T1/zi4/m/n/10 readJunctionSeqCounts[][][] \T1/ptm/m/n/10 or [][]\T1/zi4/m/
n/10 runJunctionSeqAnalyses[][][]\T1/ptm/m/n/10 . 
(c:/texlive/2014/texmf-dist/tex/latex/base/utf8.def) [25]
Overfull \hbox (35.99806pt too wide) in paragraph at lines 1392--1397
\T1/ptm/m/n/10 per-sions and size fac-tors must then be set, usu-ally us-ing fu
nc-tions [][]\T1/zi4/m/n/10 estimateSizeFactors[][][]
[26] (c:/texlive/2014/texmf-dist/tex/latex/base/utf8.def) [27] [28]
Overfull \hbox (76.71681pt too wide) in paragraph at lines 1595--1596
[]\T1/ptm/m/n/10 A named list of R col-ors, set-ting the col-ors used for var-i
-ous things. See \T1/zi4/m/n/10 link{junctionSeqColors}
[29] [30] [31] [32] (c:/texlive/2014/texmf-dist/tex/latex/base/utf8.def)
[33] [34] (c:/texlive/2014/texmf-dist/tex/latex/base/utf8.def)
Overfull \hbox (20.16928pt too wide) in paragraph at lines 1930--1934
\T1/ptm/m/n/10 used by the end-user, but is called in-ter-nally by [][]\T1/zi4/
m/n/10 runJunctionSeqAnalyses[][][] \T1/ptm/m/n/10 or [][]\T1/zi4/m/n/10 readJu
nctionSeqCounts[][][]\T1/ptm/m/n/10 . 
(c:/texlive/2014/texmf-dist/tex/latex/base/utf8.def)
Overfull \hbox (59.6178pt too wide) in paragraph at lines 1970--1972
[]\T1/ptm/m/n/10 This func-tion loads read-count data (usu-ally pro-duced by Qo
RTs) and com-piles them into a \T1/zi4/m/n/10 JunctionSeqCountSet
[35] [36]
Overfull \hbox (4.77821pt too wide) in paragraph at lines 2036--2040
[]\T1/ptm/m/n/10 Character string. One of "junc-tion-sAndEx-ons", "junc-tion-sO
nly", or "ex-on-sOnly".

Overfull \hbox (1.99771pt too wide) in paragraph at lines 2057--2058
\T1/ptm/m/n/10 to anal-y-sis. Note: this is overid-den if use.junctions is \T1/
zi4/m/n/10 FALSE \T1/ptm/m/n/10 or if \T1/zi4/m/n/10 analysis.type
[37] (c:/texlive/2014/texmf-dist/tex/latex/base/utf8.def)
Overfull \hbox (35.68677pt too wide) in paragraph at lines 2123--2129
[]\T1/ptm/m/n/10 This func-tion runs a com-plete anal-y-sis from start to fin-i
sh. It in-ter-nally calls func-tions [][]\T1/zi4/m/n/10 readAnnotationData[][][
]\T1/ptm/m/n/10 ,

Overfull \hbox (21.32092pt too wide) in paragraph at lines 2123--2129
[][]\T1/zi4/m/n/10 readJunctionSeqCounts[][][]\T1/ptm/m/n/10 , [][]\T1/zi4/m/n/
10 estimateJunctionSeqSizeFactors[][][]\T1/ptm/m/n/10 , [][]\T1/zi4/m/n/10 esti
mateJunctionSeqDispersions[][][]\T1/ptm/m/n/10 ,
[38]
Overfull \hbox (4.77821pt too wide) in paragraph at lines 2186--2190
[]\T1/ptm/m/n/10 Character string. One of "junc-tion-sAndEx-ons", "junc-tion-sO
nly", or "ex-on-sOnly".
[39]
Overfull \hbox (1.99771pt too wide) in paragraph at lines 2238--2239
\T1/ptm/m/n/10 to anal-y-sis. Note: this is overid-den if use.junctions is \T1/
zi4/m/n/10 FALSE \T1/ptm/m/n/10 or if \T1/zi4/m/n/10 analysis.type

Overfull \hbox (0.46881pt too wide) in paragraph at lines 2258--2262
\T1/ptm/m/n/10 per-sion es-ti-ma-tion method-ol-ogy used by DE-Seq2 and DEXSeq 
v1.12.0 or higher
[40] [41]
Overfull \hbox (8.29675pt too wide) in paragraph at lines 2307--2310
\T1/ptm/m/n/10 splice junc-tions are be-ing tested si-mul-tan-iously, this pa-r
am-e-ter de-ter-mines whether

Overfull \hbox (7.40805pt too wide) in paragraph at lines 2324--2328
[]\T1/ptm/m/n/10 This vari-able ac-ti-vates an al-ter-na-tive mode in which a (
very mi-nor) bug in DEXSeq
[42] (c:/texlive/2014/texmf-dist/tex/latex/base/utf8.def)
Overfull \hbox (7.76886pt too wide) in paragraph at lines 2403--2407
[]\T1/ptm/m/n/10 A \T1/zi4/m/n/10 JunctionSeqCountSet\T1/ptm/m/n/10 . Usu-ally 
ini-tially cre-ated by [][]\T1/zi4/m/n/10 readJunctionSeqCounts[][][]\T1/ptm/m/
n/10 .

Overfull \hbox (85.76796pt too wide) in paragraph at lines 2403--2407
\T1/ptm/m/n/10 Dis-per-sions and size fac-tors must be set, usu-ally us-ing fun
c-tions [][]\T1/zi4/m/n/10 estimateJunctionSeqSizeFactors[][][]
[43] [44] (c:/texlive/2014/texmf-dist/tex/latex/base/utf8.def) [45] [46]
[47] (c:/texlive/2014/texmf-dist/tex/latex/base/utf8.def) [48]
Overfull \hbox (2.21857pt too wide) in paragraph at lines 2721--2722
[]\T1/ptm/m/n/10 Logical. Whether to the en-tire \T1/zi4/m/n/10 JunctionSeqCoun
tSet \T1/ptm/m/n/10 ob-ject. De-fault is FALSE. 
[49]
No file Rd2.ind.
[50] (./Rd2.aux)

Package rerunfilecheck Warning: File `Rd2.out' has changed.
(rerunfilecheck)                Rerun to get outlines right
(rerunfilecheck)                or use package `bookmark'.

 )
(see the transcript file for additional information)pdfTeX warning (dest): name
{Rfn.text} has been referenced but does not exist, replaced by a fixed one

pdfTeX warning (dest): name{Rfn.points} has been referenced but does not exist,
 replaced by a fixed one

pdfTeX warning (dest): name{Rfn.axis} has been referenced but does not exist, r
eplaced by a fixed one

pdfTeX warning (dest): name{Rfn.box} has been referenced but does not exist, re
placed by a fixed one

pdfTeX warning (dest): name{Rfn.lines} has been referenced but does not exist, 
replaced by a fixed one

pdfTeX warning (dest): name{Rfn.Versioned.Rdash.class} has been referenced but 
does not exist, replaced by a fixed one

pdfTeX warning (dest): name{Rfn.VersionedBiobase.Rdash.class} has been referenc
ed but does not exist, replaced by a fixed one

pdfTeX warning (dest): name{Rfn.eSet.Rdash.class} has been referenced but does 
not exist, replaced by a fixed one

pdfTeX warning (dest): name{Rfn.graphical\040parameters} has been referenced bu
t does not exist, replaced by a fixed one

pdfTeX warning (dest): name{Rfn.par} has been referenced but does not exist, re
placed by a fixed one

pdfTeX warning (dest): name{Rfn.estimateSizeFactors} has been referenced but do
es not exist, replaced by a fixed one

{c:/texlive/2014/texmf-dist/fonts/enc/dvips/base/8r.enc}{c:/texlive/2014/texmf-
dist/fonts/enc/dvips/inconsolata/i4-t1-0.enc}<c:/texlive/2014/texmf-dist/fonts/
type1/public/inconsolata/Inconsolata-zi4r.pfb><c:/texlive/2014/texmf-dist/fonts
/type1/urw/helvetic/uhvr8a.pfb><c:/texlive/2014/texmf-dist/fonts/type1/urw/time
s/utmb8a.pfb><c:/texlive/2014/texmf-dist/fonts/type1/urw/times/utmr8a.pfb><c:/t
exlive/2014/texmf-dist/fonts/type1/urw/times/utmr8a.pfb><c:/texlive/2014/texmf-
dist/fonts/type1/urw/times/utmri8a.pfb>
Output written on Rd2.pdf (50 pages, 185384 bytes).
Transcript written on Rd2.log.
This is makeindex, version 2.15 [TeX Live 2010] (kpathsea + Thai support).
Scanning input file Rd2.idx....done (151 entries accepted, 0 rejected).
Sorting entries....done (1196 comparisons).
Generating output file Rd2.ind....done (174 lines written, 1 warning).
Output written in Rd2.ind.
Transcript written in Rd2.ilg.
This is pdfTeX, Version 3.14159265-2.6-1.40.15 (TeX Live 2014/W32TeX) (preloaded format=pdflatex)
 restricted \write18 enabled.
entering extended mode
(./Rd2.tex
LaTeX2e <2014/05/01>
Babel <3.9k> and hyphenation patterns for 79 languages loaded.

(c:/texlive/2014/texmf-dist/tex/latex/base/book.cls
Document Class: book 2007/10/19 v1.4h Standard LaTeX document class
(c:/texlive/2014/texmf-dist/tex/latex/base/bk10.clo))
(c:/PROGRA~1/R/R-3.2.2/share/texmf/tex/latex/Rd.sty
(c:/texlive/2014/texmf-dist/tex/latex/base/ifthen.sty)
(c:/texlive/2014/texmf-dist/tex/latex/tools/longtable.sty)
(c:/texlive/2014/texmf-dist/tex/latex/tools/bm.sty)
(c:/texlive/2014/texmf-dist/tex/latex/base/alltt.sty)
(c:/texlive/2014/texmf-dist/tex/latex/tools/verbatim.sty)
(c:/texlive/2014/texmf-dist/tex/latex/url/url.sty)
(c:/texlive/2014/texmf-dist/tex/latex/base/textcomp.sty
(c:/texlive/2014/texmf-dist/tex/latex/base/ts1enc.def))
(c:/texlive/2014/texmf-dist/tex/latex/base/fontenc.sty
(c:/texlive/2014/texmf-dist/tex/latex/base/t1enc.def))
(c:/texlive/2014/texmf-dist/tex/latex/psnfss/times.sty)
(c:/texlive/2014/texmf-dist/tex/latex/inconsolata/zi4.sty
`inconsolata-zi4' v1.05, 2014/06/22 Text macros for Inconsolata (msharpe)
(c:/texlive/2014/texmf-dist/tex/latex/graphics/keyval.sty))
(c:/texlive/2014/texmf-dist/tex/latex/graphics/color.sty
(c:/texlive/2014/texmf-dist/tex/latex/latexconfig/color.cfg)
(c:/texlive/2014/texmf-dist/tex/latex/pdftex-def/pdftex.def
(c:/texlive/2014/texmf-dist/tex/generic/oberdiek/infwarerr.sty)
(c:/texlive/2014/texmf-dist/tex/generic/oberdiek/ltxcmds.sty)))
(c:/texlive/2014/texmf-dist/tex/latex/hyperref/hyperref.sty
(c:/texlive/2014/texmf-dist/tex/generic/oberdiek/hobsub-hyperref.sty
(c:/texlive/2014/texmf-dist/tex/generic/oberdiek/hobsub-generic.sty))
(c:/texlive/2014/texmf-dist/tex/generic/ifxetex/ifxetex.sty)
(c:/texlive/2014/texmf-dist/tex/latex/oberdiek/auxhook.sty)
(c:/texlive/2014/texmf-dist/tex/latex/oberdiek/kvoptions.sty)
(c:/texlive/2014/texmf-dist/tex/latex/hyperref/pd1enc.def)
(c:/texlive/2014/texmf-dist/tex/latex/latexconfig/hyperref.cfg))

Package hyperref Message: Driver (autodetected): hpdftex.

(c:/texlive/2014/texmf-dist/tex/latex/hyperref/hpdftex.def
(c:/texlive/2014/texmf-dist/tex/latex/oberdiek/rerunfilecheck.sty))

Package hyperref Warning: Option `hyperindex' has already been used,
(hyperref)                setting the option has no effect on input line 366.


Package hyperref Warning: Option `pagebackref' has already been used,
(hyperref)                setting the option has no effect on input line 366.

) (c:/texlive/2014/texmf-dist/tex/latex/base/makeidx.sty)
(c:/texlive/2014/texmf-dist/tex/latex/base/inputenc.sty
(c:/texlive/2014/texmf-dist/tex/latex/base/utf8.def
(c:/texlive/2014/texmf-dist/tex/latex/base/t1enc.dfu)
(c:/texlive/2014/texmf-dist/tex/latex/base/ot1enc.dfu)
(c:/texlive/2014/texmf-dist/tex/latex/base/omsenc.dfu)
(c:/texlive/2014/texmf-dist/tex/latex/base/ts1enc.dfu))
(c:/texlive/2014/texmf-dist/tex/latex/base/latin1.def))
Writing index file Rd2.idx
(./Rd2.aux) (c:/texlive/2014/texmf-dist/tex/latex/base/ts1cmr.fd)
(c:/texlive/2014/texmf-dist/tex/latex/psnfss/t1ptm.fd)
(c:/texlive/2014/texmf-dist/tex/context/base/supp-pdf.mkii
[Loading MPS to PDF converter (version 2006.09.02).]
) (c:/texlive/2014/texmf-dist/tex/latex/hyperref/nameref.sty
(c:/texlive/2014/texmf-dist/tex/generic/oberdiek/gettitlestring.sty))
(./Rd2.out) (./Rd2.out)
(c:/texlive/2014/texmf-dist/tex/latex/inconsolata/t1zi4.fd)
(c:/texlive/2014/texmf-dist/tex/latex/psnfss/ts1ptm.fd)
(c:/texlive/2014/texmf-dist/tex/latex/psnfss/t1phv.fd) (./Rd2.toc [1{c:/texlive
/2014/texmf-var/fonts/map/pdftex/updmap/pdftex.map}])
(c:/texlive/2014/texmf-dist/tex/latex/base/utf8.def) [2]
Overfull \hbox (3.20795pt too wide) in paragraph at lines 133--137
[]\T1/ptm/m/n/10 Integer or nu-meric value. This op-tion is usu-ally only used 
with the FDR.threshold
[3]
Overfull \hbox (106.71681pt too wide) in paragraph at lines 175--176
[]\T1/ptm/m/n/10 A named list of R col-ors, set-ting the col-ors used for var-i
-ous things. See [][]\T1/zi4/m/n/10 plotJunctionSeqResultsForGene[][][] 
[4] [5] [6]
Overfull \hbox (33.28886pt too wide) in paragraph at lines 302--309
\T1/ptm/m/n/10 must be a sub-directory of the same par-ent di-rec-tory. The \T1
/zi4/m/n/10 html.compare.results.list

Overfull \hbox (17.94876pt too wide) in paragraph at lines 302--309
\T1/ptm/m/n/10 must be a named list of these sub-di-rec-to-ries. \T1/zi4/m/n/10
 names(html.compare.results.list)
[7]
Overfull \hbox (48.57968pt too wide) in paragraph at lines 320--321
[]\T1/ptm/m/n/10 Additional op-tions to pass to [][]\T1/zi4/m/n/10 buildAllPlot
sForGene[][][]\T1/ptm/m/n/10 , [][]\T1/zi4/m/n/10 plotJunctionSeqResultsForGene
[][][]\T1/ptm/m/n/10 ,
(c:/texlive/2014/texmf-dist/tex/latex/base/utf8.def)
Overfull \hbox (2.39955pt too wide) in paragraph at lines 368--371
\T1/ptm/m/n/10 par-tic-u-lar gene. The pa-ram-e-ters \T1/zi4/m/n/10 expr.plot\T
1/ptm/m/n/10 , \T1/zi4/m/n/10 normCounts.plot\T1/ptm/m/n/10 , \T1/zi4/m/n/10 rE
xpr.plot\T1/ptm/m/n/10 , and \T1/zi4/m/n/10 rawCounts.plot
[8]
Underfull \vbox (badness 1077) has occurred while \output is active [9]
Overfull \hbox (106.71681pt too wide) in paragraph at lines 457--458
[]\T1/ptm/m/n/10 A named list of R col-ors, set-ting the col-ors used for var-i
-ous things. See [][]\T1/zi4/m/n/10 plotJunctionSeqResultsForGene[][][] 
[10] [11] [12] [13] (c:/texlive/2014/texmf-dist/tex/latex/base/utf8.def)
Overfull \hbox (0.60727pt too wide) in paragraph at lines 639--640
[]\T1/zi4/m/n/10 NOSIG.FEATURE.COLOR \T1/ptm/m/n/10 The color of ver-ti-cal lin
es in the plot-ting panel, for tested but non-significant

Overfull \hbox (21.08093pt too wide) in paragraph at lines 647--650
[]\T1/zi4/m/n/10 SIG.FEATURE.BORDER.COLOR\T1/ptm/m/n/10 , \T1/zi4/m/n/10 NOSIG.
FEATURE.BORDER.COLOR\T1/ptm/m/n/10 , \T1/zi4/m/n/10 UNTESTABLE.FEATURE.BORDER.C
OLOR\T1/ptm/m/n/10 ,

Overfull \hbox (127.98096pt too wide) in paragraph at lines 651--654
[]\T1/zi4/m/n/10 SIG.FEATURE.FILL.COLOR\T1/ptm/m/n/10 , \T1/zi4/m/n/10 NOSIG.FE
ATURE.FILL.COLOR\T1/ptm/m/n/10 , \T1/zi4/m/n/10 UNTESTABLE.FEATURE.FILL.COLOR\T
1/ptm/m/n/10 , \T1/zi4/m/n/10 EXCLUDED.FEATURE.FILL.COLOR
[14] (c:/texlive/2014/texmf-dist/tex/latex/base/utf8.def)
Overfull \hbox (7.76886pt too wide) in paragraph at lines 704--708
[]\T1/ptm/m/n/10 A \T1/zi4/m/n/10 JunctionSeqCountSet\T1/ptm/m/n/10 . Usu-ally 
ini-tially cre-ated by [][]\T1/zi4/m/n/10 readJunctionSeqCounts[][][]\T1/ptm/m/
n/10 .
[15] [16] (c:/texlive/2014/texmf-dist/tex/latex/base/utf8.def)
Overfull \hbox (7.76886pt too wide) in paragraph at lines 836--840
[]\T1/ptm/m/n/10 A \T1/zi4/m/n/10 JunctionSeqCountSet\T1/ptm/m/n/10 . Usu-ally 
ini-tially cre-ated by [][]\T1/zi4/m/n/10 readJunctionSeqCounts[][][]\T1/ptm/m/
n/10 .
[17]
Overfull \hbox (0.46881pt too wide) in paragraph at lines 844--848
\T1/ptm/m/n/10 per-sion es-ti-ma-tion method-ol-ogy used by DE-Seq2 and DEXSeq 
v1.12.0 or higher
[18] (c:/texlive/2014/texmf-dist/tex/latex/base/utf8.def)
Overfull \hbox (7.76886pt too wide) in paragraph at lines 963--967
[]\T1/ptm/m/n/10 A \T1/zi4/m/n/10 JunctionSeqCountSet\T1/ptm/m/n/10 . Usu-ally 
ini-tially cre-ated by [][]\T1/zi4/m/n/10 readJunctionSeqCounts[][][]\T1/ptm/m/
n/10 .
[19]
Overfull \hbox (7.40805pt too wide) in paragraph at lines 977--981
[]\T1/ptm/m/n/10 This vari-able ac-ti-vates an al-ter-na-tive mode in which a (
very mi-nor) bug in DEXSeq
[20] (c:/texlive/2014/texmf-dist/tex/latex/base/utf8.def)
Overfull \hbox (7.76886pt too wide) in paragraph at lines 1075--1079
[]\T1/ptm/m/n/10 A \T1/zi4/m/n/10 JunctionSeqCountSet\T1/ptm/m/n/10 . Usu-ally 
ini-tially cre-ated by [][]\T1/zi4/m/n/10 readJunctionSeqCounts[][][]\T1/ptm/m/
n/10 .
[21]
Overfull \hbox (0.46881pt too wide) in paragraph at lines 1083--1087
\T1/ptm/m/n/10 per-sion es-ti-ma-tion method-ol-ogy used by DE-Seq2 and DEXSeq 
v1.12.0 or higher

Overfull \hbox (8.29675pt too wide) in paragraph at lines 1100--1103
\T1/ptm/m/n/10 splice junc-tions are be-ing tested si-mul-tan-iously, this pa-r
am-e-ter de-ter-mines whether
[22] (c:/texlive/2014/texmf-dist/tex/latex/base/utf8.def) [23]
Overfull \hbox (901.56078pt too wide) in paragraph at lines 1272--1274
[]\T1/zi4/m/n/10 newJunctionSeqCountSet( countData,                            
  geneCountData,                              design,                          
    geneIDs,                              countbinIDs,                         
     featureIntervals=NULL,                              transcripts=NULL)\T1/p
tm/m/n/10 :
[24]
Overfull \hbox (5.63742pt too wide) in paragraph at lines 1310--1312
[]\T1/ptm/m/n/10 Optional. A data.frame with 4 columns: "chr", "start", "end", 
and "strand".

Overfull \hbox (5.538pt too wide) in paragraph at lines 1331--1334
[]\T1/ptm/m/n/10 Class \T1/zi4/m/n/10 "[][]eSet[][][]"\T1/ptm/m/n/10 , di-rectl
y. Class \T1/zi4/m/n/10 "[][]VersionedBiobase[][][]"\T1/ptm/m/n/10 , by class "
eSet", dis-tance 2. Class \T1/zi4/m/n/10 "[][]Versioned[][][]"\T1/ptm/m/n/10 ,

Overfull \hbox (61.60887pt too wide) in paragraph at lines 1349--1351
[]\T1/ptm/m/n/10 The proper way to cre-ate a Junc-tion-Se-q-CountSet is to use 
[][]\T1/zi4/m/n/10 readJunctionSeqCounts[][][] \T1/ptm/m/n/10 or [][]\T1/zi4/m/
n/10 runJunctionSeqAnalyses[][][]\T1/ptm/m/n/10 . 
(c:/texlive/2014/texmf-dist/tex/latex/base/utf8.def) [25]
Overfull \hbox (35.99806pt too wide) in paragraph at lines 1392--1397
\T1/ptm/m/n/10 per-sions and size fac-tors must then be set, usu-ally us-ing fu
nc-tions [][]\T1/zi4/m/n/10 estimateSizeFactors[][][]
[26] [27] (c:/texlive/2014/texmf-dist/tex/latex/base/utf8.def) [28]
Overfull \hbox (76.71681pt too wide) in paragraph at lines 1595--1596
[]\T1/ptm/m/n/10 A named list of R col-ors, set-ting the col-ors used for var-i
-ous things. See \T1/zi4/m/n/10 link{junctionSeqColors}
[29] [30] [31] [32] (c:/texlive/2014/texmf-dist/tex/latex/base/utf8.def)
[33] [34] (c:/texlive/2014/texmf-dist/tex/latex/base/utf8.def)
Overfull \hbox (20.16928pt too wide) in paragraph at lines 1930--1934
\T1/ptm/m/n/10 used by the end-user, but is called in-ter-nally by [][]\T1/zi4/
m/n/10 runJunctionSeqAnalyses[][][] \T1/ptm/m/n/10 or [][]\T1/zi4/m/n/10 readJu
nctionSeqCounts[][][]\T1/ptm/m/n/10 . 
[35] (c:/texlive/2014/texmf-dist/tex/latex/base/utf8.def)
Overfull \hbox (59.6178pt too wide) in paragraph at lines 1970--1972
[]\T1/ptm/m/n/10 This func-tion loads read-count data (usu-ally pro-duced by Qo
RTs) and com-piles them into a \T1/zi4/m/n/10 JunctionSeqCountSet
[36]
Overfull \hbox (4.77821pt too wide) in paragraph at lines 2036--2040
[]\T1/ptm/m/n/10 Character string. One of "junc-tion-sAndEx-ons", "junc-tion-sO
nly", or "ex-on-sOnly".

Overfull \hbox (1.99771pt too wide) in paragraph at lines 2057--2058
\T1/ptm/m/n/10 to anal-y-sis. Note: this is overid-den if use.junctions is \T1/
zi4/m/n/10 FALSE \T1/ptm/m/n/10 or if \T1/zi4/m/n/10 analysis.type
[37] [38] (c:/texlive/2014/texmf-dist/tex/latex/base/utf8.def)
Overfull \hbox (35.68677pt too wide) in paragraph at lines 2123--2129
[]\T1/ptm/m/n/10 This func-tion runs a com-plete anal-y-sis from start to fin-i
sh. It in-ter-nally calls func-tions [][]\T1/zi4/m/n/10 readAnnotationData[][][
]\T1/ptm/m/n/10 ,

Overfull \hbox (21.32092pt too wide) in paragraph at lines 2123--2129
[][]\T1/zi4/m/n/10 readJunctionSeqCounts[][][]\T1/ptm/m/n/10 , [][]\T1/zi4/m/n/
10 estimateJunctionSeqSizeFactors[][][]\T1/ptm/m/n/10 , [][]\T1/zi4/m/n/10 esti
mateJunctionSeqDispersions[][][]\T1/ptm/m/n/10 ,
[39]
Overfull \hbox (4.77821pt too wide) in paragraph at lines 2186--2190
[]\T1/ptm/m/n/10 Character string. One of "junc-tion-sAndEx-ons", "junc-tion-sO
nly", or "ex-on-sOnly".

Overfull \hbox (1.99771pt too wide) in paragraph at lines 2238--2239
\T1/ptm/m/n/10 to anal-y-sis. Note: this is overid-den if use.junctions is \T1/
zi4/m/n/10 FALSE \T1/ptm/m/n/10 or if \T1/zi4/m/n/10 analysis.type
[40]
Overfull \hbox (0.46881pt too wide) in paragraph at lines 2258--2262
\T1/ptm/m/n/10 per-sion es-ti-ma-tion method-ol-ogy used by DE-Seq2 and DEXSeq 
v1.12.0 or higher
[41]
Overfull \hbox (8.29675pt too wide) in paragraph at lines 2307--2310
\T1/ptm/m/n/10 splice junc-tions are be-ing tested si-mul-tan-iously, this pa-r
am-e-ter de-ter-mines whether
[42]
Overfull \hbox (7.40805pt too wide) in paragraph at lines 2324--2328
[]\T1/ptm/m/n/10 This vari-able ac-ti-vates an al-ter-na-tive mode in which a (
very mi-nor) bug in DEXSeq
(c:/texlive/2014/texmf-dist/tex/latex/base/utf8.def) [43]
Overfull \hbox (7.76886pt too wide) in paragraph at lines 2403--2407
[]\T1/ptm/m/n/10 A \T1/zi4/m/n/10 JunctionSeqCountSet\T1/ptm/m/n/10 . Usu-ally 
ini-tially cre-ated by [][]\T1/zi4/m/n/10 readJunctionSeqCounts[][][]\T1/ptm/m/
n/10 .

Overfull \hbox (85.76796pt too wide) in paragraph at lines 2403--2407
\T1/ptm/m/n/10 Dis-per-sions and size fac-tors must be set, usu-ally us-ing fun
c-tions [][]\T1/zi4/m/n/10 estimateJunctionSeqSizeFactors[][][]
[44] [45] (c:/texlive/2014/texmf-dist/tex/latex/base/utf8.def) [46] [47]
(c:/texlive/2014/texmf-dist/tex/latex/base/utf8.def) [48]
Overfull \hbox (2.21857pt too wide) in paragraph at lines 2721--2722
[]\T1/ptm/m/n/10 Logical. Whether to the en-tire \T1/zi4/m/n/10 JunctionSeqCoun
tSet \T1/ptm/m/n/10 ob-ject. De-fault is FALSE. 
[49] (./Rd2.ind [50]

LaTeX Font Warning: Font shape `T1/zi4/m/it' undefined
(Font)              using `T1/zi4/m/n' instead on input line 81.


Overfull \hbox (10.01662pt too wide) in paragraph at lines 171--173
\T1/ptm/m/it/10 (\T1/zi4/m/it/10 estimateJunctionSeqSizeFactors\T1/ptm/m/it/10 
)\T1/ptm/m/n/10 , 
[51]) (./Rd2.aux)

Package rerunfilecheck Warning: File `Rd2.out' has changed.
(rerunfilecheck)                Rerun to get outlines right
(rerunfilecheck)                or use package `bookmark'.


LaTeX Font Warning: Some font shapes were not available, defaults substituted.

 )
(see the transcript file for additional information)pdfTeX warning (dest): name
{Rfn.text} has been referenced but does not exist, replaced by a fixed one

pdfTeX warning (dest): name{Rfn.points} has been referenced but does not exist,
 replaced by a fixed one

pdfTeX warning (dest): name{Rfn.axis} has been referenced but does not exist, r
eplaced by a fixed one

pdfTeX warning (dest): name{Rfn.box} has been referenced but does not exist, re
placed by a fixed one

pdfTeX warning (dest): name{Rfn.lines} has been referenced but does not exist, 
replaced by a fixed one

pdfTeX warning (dest): name{Rfn.Versioned.Rdash.class} has been referenced but 
does not exist, replaced by a fixed one

pdfTeX warning (dest): name{Rfn.VersionedBiobase.Rdash.class} has been referenc
ed but does not exist, replaced by a fixed one

pdfTeX warning (dest): name{Rfn.eSet.Rdash.class} has been referenced but does 
not exist, replaced by a fixed one

pdfTeX warning (dest): name{Rfn.graphical\040parameters} has been referenced bu
t does not exist, replaced by a fixed one

pdfTeX warning (dest): name{Rfn.par} has been referenced but does not exist, re
placed by a fixed one

pdfTeX warning (dest): name{Rfn.estimateSizeFactors} has been referenced but do
es not exist, replaced by a fixed one

{c:/texlive/2014/texmf-dist/fonts/enc/dvips/base/8r.enc}{c:/texlive/2014/texmf-
dist/fonts/enc/dvips/inconsolata/i4-t1-0.enc}<c:/texlive/2014/texmf-dist/fonts/
type1/public/inconsolata/Inconsolata-zi4r.pfb><c:/texlive/2014/texmf-dist/fonts
/type1/public/amsfonts/cm/cmsy10.pfb><c:/texlive/2014/texmf-dist/fonts/type1/ur
w/helvetic/uhvr8a.pfb><c:/texlive/2014/texmf-dist/fonts/type1/urw/times/utmb8a.
pfb><c:/texlive/2014/texmf-dist/fonts/type1/urw/times/utmr8a.pfb><c:/texlive/20
14/texmf-dist/fonts/type1/urw/times/utmr8a.pfb><c:/texlive/2014/texmf-dist/font
s/type1/urw/times/utmri8a.pfb>
Output written on Rd2.pdf (51 pages, 201237 bytes).
Transcript written on Rd2.log.
This is makeindex, version 2.15 [TeX Live 2010] (kpathsea + Thai support).
Scanning input file Rd2.idx....done (151 entries accepted, 0 rejected).
Sorting entries....done (1201 comparisons).
Generating output file Rd2.ind....done (171 lines written, 2 warnings).
Output written in Rd2.ind.
Transcript written in Rd2.ilg.
This is pdfTeX, Version 3.14159265-2.6-1.40.15 (TeX Live 2014/W32TeX) (preloaded format=pdflatex)
 restricted \write18 enabled.
entering extended mode
(./Rd2.tex
LaTeX2e <2014/05/01>
Babel <3.9k> and hyphenation patterns for 79 languages loaded.

(c:/texlive/2014/texmf-dist/tex/latex/base/book.cls
Document Class: book 2007/10/19 v1.4h Standard LaTeX document class
(c:/texlive/2014/texmf-dist/tex/latex/base/bk10.clo))
(c:/PROGRA~1/R/R-3.2.2/share/texmf/tex/latex/Rd.sty
(c:/texlive/2014/texmf-dist/tex/latex/base/ifthen.sty)
(c:/texlive/2014/texmf-dist/tex/latex/tools/longtable.sty)
(c:/texlive/2014/texmf-dist/tex/latex/tools/bm.sty)
(c:/texlive/2014/texmf-dist/tex/latex/base/alltt.sty)
(c:/texlive/2014/texmf-dist/tex/latex/tools/verbatim.sty)
(c:/texlive/2014/texmf-dist/tex/latex/url/url.sty)
(c:/texlive/2014/texmf-dist/tex/latex/base/textcomp.sty
(c:/texlive/2014/texmf-dist/tex/latex/base/ts1enc.def))
(c:/texlive/2014/texmf-dist/tex/latex/base/fontenc.sty
(c:/texlive/2014/texmf-dist/tex/latex/base/t1enc.def))
(c:/texlive/2014/texmf-dist/tex/latex/psnfss/times.sty)
(c:/texlive/2014/texmf-dist/tex/latex/inconsolata/zi4.sty
`inconsolata-zi4' v1.05, 2014/06/22 Text macros for Inconsolata (msharpe)
(c:/texlive/2014/texmf-dist/tex/latex/graphics/keyval.sty))
(c:/texlive/2014/texmf-dist/tex/latex/graphics/color.sty
(c:/texlive/2014/texmf-dist/tex/latex/latexconfig/color.cfg)
(c:/texlive/2014/texmf-dist/tex/latex/pdftex-def/pdftex.def
(c:/texlive/2014/texmf-dist/tex/generic/oberdiek/infwarerr.sty)
(c:/texlive/2014/texmf-dist/tex/generic/oberdiek/ltxcmds.sty)))
(c:/texlive/2014/texmf-dist/tex/latex/hyperref/hyperref.sty
(c:/texlive/2014/texmf-dist/tex/generic/oberdiek/hobsub-hyperref.sty
(c:/texlive/2014/texmf-dist/tex/generic/oberdiek/hobsub-generic.sty))
(c:/texlive/2014/texmf-dist/tex/generic/ifxetex/ifxetex.sty)
(c:/texlive/2014/texmf-dist/tex/latex/oberdiek/auxhook.sty)
(c:/texlive/2014/texmf-dist/tex/latex/oberdiek/kvoptions.sty)
(c:/texlive/2014/texmf-dist/tex/latex/hyperref/pd1enc.def)
(c:/texlive/2014/texmf-dist/tex/latex/latexconfig/hyperref.cfg))

Package hyperref Message: Driver (autodetected): hpdftex.

(c:/texlive/2014/texmf-dist/tex/latex/hyperref/hpdftex.def
(c:/texlive/2014/texmf-dist/tex/latex/oberdiek/rerunfilecheck.sty))

Package hyperref Warning: Option `hyperindex' has already been used,
(hyperref)                setting the option has no effect on input line 366.


Package hyperref Warning: Option `pagebackref' has already been used,
(hyperref)                setting the option has no effect on input line 366.

) (c:/texlive/2014/texmf-dist/tex/latex/base/makeidx.sty)
(c:/texlive/2014/texmf-dist/tex/latex/base/inputenc.sty
(c:/texlive/2014/texmf-dist/tex/latex/base/utf8.def
(c:/texlive/2014/texmf-dist/tex/latex/base/t1enc.dfu)
(c:/texlive/2014/texmf-dist/tex/latex/base/ot1enc.dfu)
(c:/texlive/2014/texmf-dist/tex/latex/base/omsenc.dfu)
(c:/texlive/2014/texmf-dist/tex/latex/base/ts1enc.dfu))
(c:/texlive/2014/texmf-dist/tex/latex/base/latin1.def))
Writing index file Rd2.idx
(./Rd2.aux) (c:/texlive/2014/texmf-dist/tex/latex/base/ts1cmr.fd)
(c:/texlive/2014/texmf-dist/tex/latex/psnfss/t1ptm.fd)
(c:/texlive/2014/texmf-dist/tex/context/base/supp-pdf.mkii
[Loading MPS to PDF converter (version 2006.09.02).]
) (c:/texlive/2014/texmf-dist/tex/latex/hyperref/nameref.sty
(c:/texlive/2014/texmf-dist/tex/generic/oberdiek/gettitlestring.sty))
(./Rd2.out) (./Rd2.out)
(c:/texlive/2014/texmf-dist/tex/latex/inconsolata/t1zi4.fd)
(c:/texlive/2014/texmf-dist/tex/latex/psnfss/ts1ptm.fd)
(c:/texlive/2014/texmf-dist/tex/latex/psnfss/t1phv.fd) (./Rd2.toc [1{c:/texlive
/2014/texmf-var/fonts/map/pdftex/updmap/pdftex.map}])
(c:/texlive/2014/texmf-dist/tex/latex/base/utf8.def) [2]
Overfull \hbox (3.20795pt too wide) in paragraph at lines 133--137
[]\T1/ptm/m/n/10 Integer or nu-meric value. This op-tion is usu-ally only used 
with the FDR.threshold
[3] [4]
Overfull \hbox (106.71681pt too wide) in paragraph at lines 175--176
[]\T1/ptm/m/n/10 A named list of R col-ors, set-ting the col-ors used for var-i
-ous things. See [][]\T1/zi4/m/n/10 plotJunctionSeqResultsForGene[][][] 
[5] [6]
Overfull \hbox (33.28886pt too wide) in paragraph at lines 302--309
\T1/ptm/m/n/10 must be a sub-directory of the same par-ent di-rec-tory. The \T1
/zi4/m/n/10 html.compare.results.list

Overfull \hbox (17.94876pt too wide) in paragraph at lines 302--309
\T1/ptm/m/n/10 must be a named list of these sub-di-rec-to-ries. \T1/zi4/m/n/10
 names(html.compare.results.list)
[7]
Overfull \hbox (48.57968pt too wide) in paragraph at lines 320--321
[]\T1/ptm/m/n/10 Additional op-tions to pass to [][]\T1/zi4/m/n/10 buildAllPlot
sForGene[][][]\T1/ptm/m/n/10 , [][]\T1/zi4/m/n/10 plotJunctionSeqResultsForGene
[][][]\T1/ptm/m/n/10 ,
(c:/texlive/2014/texmf-dist/tex/latex/base/utf8.def)
Overfull \hbox (2.39955pt too wide) in paragraph at lines 368--371
\T1/ptm/m/n/10 par-tic-u-lar gene. The pa-ram-e-ters \T1/zi4/m/n/10 expr.plot\T
1/ptm/m/n/10 , \T1/zi4/m/n/10 normCounts.plot\T1/ptm/m/n/10 , \T1/zi4/m/n/10 rE
xpr.plot\T1/ptm/m/n/10 , and \T1/zi4/m/n/10 rawCounts.plot
[8]
Underfull \vbox (badness 1077) has occurred while \output is active [9]
Overfull \hbox (106.71681pt too wide) in paragraph at lines 457--458
[]\T1/ptm/m/n/10 A named list of R col-ors, set-ting the col-ors used for var-i
-ous things. See [][]\T1/zi4/m/n/10 plotJunctionSeqResultsForGene[][][] 
[10] [11] [12] [13] (c:/texlive/2014/texmf-dist/tex/latex/base/utf8.def)
Overfull \hbox (0.60727pt too wide) in paragraph at lines 639--640
[]\T1/zi4/m/n/10 NOSIG.FEATURE.COLOR \T1/ptm/m/n/10 The color of ver-ti-cal lin
es in the plot-ting panel, for tested but non-significant

Overfull \hbox (21.08093pt too wide) in paragraph at lines 647--650
[]\T1/zi4/m/n/10 SIG.FEATURE.BORDER.COLOR\T1/ptm/m/n/10 , \T1/zi4/m/n/10 NOSIG.
FEATURE.BORDER.COLOR\T1/ptm/m/n/10 , \T1/zi4/m/n/10 UNTESTABLE.FEATURE.BORDER.C
OLOR\T1/ptm/m/n/10 ,

Overfull \hbox (127.98096pt too wide) in paragraph at lines 651--654
[]\T1/zi4/m/n/10 SIG.FEATURE.FILL.COLOR\T1/ptm/m/n/10 , \T1/zi4/m/n/10 NOSIG.FE
ATURE.FILL.COLOR\T1/ptm/m/n/10 , \T1/zi4/m/n/10 UNTESTABLE.FEATURE.FILL.COLOR\T
1/ptm/m/n/10 , \T1/zi4/m/n/10 EXCLUDED.FEATURE.FILL.COLOR
[14] (c:/texlive/2014/texmf-dist/tex/latex/base/utf8.def)
Overfull \hbox (7.76886pt too wide) in paragraph at lines 704--708
[]\T1/ptm/m/n/10 A \T1/zi4/m/n/10 JunctionSeqCountSet\T1/ptm/m/n/10 . Usu-ally 
ini-tially cre-ated by [][]\T1/zi4/m/n/10 readJunctionSeqCounts[][][]\T1/ptm/m/
n/10 .
[15] [16] (c:/texlive/2014/texmf-dist/tex/latex/base/utf8.def)
Overfull \hbox (7.76886pt too wide) in paragraph at lines 836--840
[]\T1/ptm/m/n/10 A \T1/zi4/m/n/10 JunctionSeqCountSet\T1/ptm/m/n/10 . Usu-ally 
ini-tially cre-ated by [][]\T1/zi4/m/n/10 readJunctionSeqCounts[][][]\T1/ptm/m/
n/10 .
[17]
Overfull \hbox (0.46881pt too wide) in paragraph at lines 844--848
\T1/ptm/m/n/10 per-sion es-ti-ma-tion method-ol-ogy used by DE-Seq2 and DEXSeq 
v1.12.0 or higher
[18] (c:/texlive/2014/texmf-dist/tex/latex/base/utf8.def)
Overfull \hbox (7.76886pt too wide) in paragraph at lines 963--967
[]\T1/ptm/m/n/10 A \T1/zi4/m/n/10 JunctionSeqCountSet\T1/ptm/m/n/10 . Usu-ally 
ini-tially cre-ated by [][]\T1/zi4/m/n/10 readJunctionSeqCounts[][][]\T1/ptm/m/
n/10 .
[19]
Overfull \hbox (7.40805pt too wide) in paragraph at lines 977--981
[]\T1/ptm/m/n/10 This vari-able ac-ti-vates an al-ter-na-tive mode in which a (
very mi-nor) bug in DEXSeq
[20] (c:/texlive/2014/texmf-dist/tex/latex/base/utf8.def)
Overfull \hbox (7.76886pt too wide) in paragraph at lines 1075--1079
[]\T1/ptm/m/n/10 A \T1/zi4/m/n/10 JunctionSeqCountSet\T1/ptm/m/n/10 . Usu-ally 
ini-tially cre-ated by [][]\T1/zi4/m/n/10 readJunctionSeqCounts[][][]\T1/ptm/m/
n/10 .
[21]
Overfull \hbox (0.46881pt too wide) in paragraph at lines 1083--1087
\T1/ptm/m/n/10 per-sion es-ti-ma-tion method-ol-ogy used by DE-Seq2 and DEXSeq 
v1.12.0 or higher

Overfull \hbox (8.29675pt too wide) in paragraph at lines 1100--1103
\T1/ptm/m/n/10 splice junc-tions are be-ing tested si-mul-tan-iously, this pa-r
am-e-ter de-ter-mines whether
[22] (c:/texlive/2014/texmf-dist/tex/latex/base/utf8.def) [23]
Overfull \hbox (901.56078pt too wide) in paragraph at lines 1272--1274
[]\T1/zi4/m/n/10 newJunctionSeqCountSet( countData,                            
  geneCountData,                              design,                          
    geneIDs,                              countbinIDs,                         
     featureIntervals=NULL,                              transcripts=NULL)\T1/p
tm/m/n/10 :
[24]
Overfull \hbox (5.63742pt too wide) in paragraph at lines 1310--1312
[]\T1/ptm/m/n/10 Optional. A data.frame with 4 columns: "chr", "start", "end", 
and "strand".

Overfull \hbox (5.538pt too wide) in paragraph at lines 1331--1334
[]\T1/ptm/m/n/10 Class \T1/zi4/m/n/10 "[][]eSet[][][]"\T1/ptm/m/n/10 , di-rectl
y. Class \T1/zi4/m/n/10 "[][]VersionedBiobase[][][]"\T1/ptm/m/n/10 , by class "
eSet", dis-tance 2. Class \T1/zi4/m/n/10 "[][]Versioned[][][]"\T1/ptm/m/n/10 ,

Overfull \hbox (61.60887pt too wide) in paragraph at lines 1349--1351
[]\T1/ptm/m/n/10 The proper way to cre-ate a Junc-tion-Se-q-CountSet is to use 
[][]\T1/zi4/m/n/10 readJunctionSeqCounts[][][] \T1/ptm/m/n/10 or [][]\T1/zi4/m/
n/10 runJunctionSeqAnalyses[][][]\T1/ptm/m/n/10 . 
(c:/texlive/2014/texmf-dist/tex/latex/base/utf8.def) [25]
Overfull \hbox (35.99806pt too wide) in paragraph at lines 1392--1397
\T1/ptm/m/n/10 per-sions and size fac-tors must then be set, usu-ally us-ing fu
nc-tions [][]\T1/zi4/m/n/10 estimateSizeFactors[][][]
[26] [27] (c:/texlive/2014/texmf-dist/tex/latex/base/utf8.def) [28]
Overfull \hbox (76.71681pt too wide) in paragraph at lines 1595--1596
[]\T1/ptm/m/n/10 A named list of R col-ors, set-ting the col-ors used for var-i
-ous things. See \T1/zi4/m/n/10 link{junctionSeqColors}
[29] [30] [31] [32] (c:/texlive/2014/texmf-dist/tex/latex/base/utf8.def)
[33] [34] (c:/texlive/2014/texmf-dist/tex/latex/base/utf8.def)
Overfull \hbox (20.16928pt too wide) in paragraph at lines 1930--1934
\T1/ptm/m/n/10 used by the end-user, but is called in-ter-nally by [][]\T1/zi4/
m/n/10 runJunctionSeqAnalyses[][][] \T1/ptm/m/n/10 or [][]\T1/zi4/m/n/10 readJu
nctionSeqCounts[][][]\T1/ptm/m/n/10 . 
[35] (c:/texlive/2014/texmf-dist/tex/latex/base/utf8.def)
Overfull \hbox (59.6178pt too wide) in paragraph at lines 1970--1972
[]\T1/ptm/m/n/10 This func-tion loads read-count data (usu-ally pro-duced by Qo
RTs) and com-piles them into a \T1/zi4/m/n/10 JunctionSeqCountSet
[36]
Overfull \hbox (4.77821pt too wide) in paragraph at lines 2036--2040
[]\T1/ptm/m/n/10 Character string. One of "junc-tion-sAndEx-ons", "junc-tion-sO
nly", or "ex-on-sOnly".

Overfull \hbox (1.99771pt too wide) in paragraph at lines 2057--2058
\T1/ptm/m/n/10 to anal-y-sis. Note: this is overid-den if use.junctions is \T1/
zi4/m/n/10 FALSE \T1/ptm/m/n/10 or if \T1/zi4/m/n/10 analysis.type
[37] [38] (c:/texlive/2014/texmf-dist/tex/latex/base/utf8.def)
Overfull \hbox (35.68677pt too wide) in paragraph at lines 2123--2129
[]\T1/ptm/m/n/10 This func-tion runs a com-plete anal-y-sis from start to fin-i
sh. It in-ter-nally calls func-tions [][]\T1/zi4/m/n/10 readAnnotationData[][][
]\T1/ptm/m/n/10 ,

Overfull \hbox (21.32092pt too wide) in paragraph at lines 2123--2129
[][]\T1/zi4/m/n/10 readJunctionSeqCounts[][][]\T1/ptm/m/n/10 , [][]\T1/zi4/m/n/
10 estimateJunctionSeqSizeFactors[][][]\T1/ptm/m/n/10 , [][]\T1/zi4/m/n/10 esti
mateJunctionSeqDispersions[][][]\T1/ptm/m/n/10 ,
[39]
Overfull \hbox (4.77821pt too wide) in paragraph at lines 2186--2190
[]\T1/ptm/m/n/10 Character string. One of "junc-tion-sAndEx-ons", "junc-tion-sO
nly", or "ex-on-sOnly".

Overfull \hbox (1.99771pt too wide) in paragraph at lines 2238--2239
\T1/ptm/m/n/10 to anal-y-sis. Note: this is overid-den if use.junctions is \T1/
zi4/m/n/10 FALSE \T1/ptm/m/n/10 or if \T1/zi4/m/n/10 analysis.type
[40]
Overfull \hbox (0.46881pt too wide) in paragraph at lines 2258--2262
\T1/ptm/m/n/10 per-sion es-ti-ma-tion method-ol-ogy used by DE-Seq2 and DEXSeq 
v1.12.0 or higher
[41]
Overfull \hbox (8.29675pt too wide) in paragraph at lines 2307--2310
\T1/ptm/m/n/10 splice junc-tions are be-ing tested si-mul-tan-iously, this pa-r
am-e-ter de-ter-mines whether
[42]
Overfull \hbox (7.40805pt too wide) in paragraph at lines 2324--2328
[]\T1/ptm/m/n/10 This vari-able ac-ti-vates an al-ter-na-tive mode in which a (
very mi-nor) bug in DEXSeq
(c:/texlive/2014/texmf-dist/tex/latex/base/utf8.def) [43]
Overfull \hbox (7.76886pt too wide) in paragraph at lines 2403--2407
[]\T1/ptm/m/n/10 A \T1/zi4/m/n/10 JunctionSeqCountSet\T1/ptm/m/n/10 . Usu-ally 
ini-tially cre-ated by [][]\T1/zi4/m/n/10 readJunctionSeqCounts[][][]\T1/ptm/m/
n/10 .

Overfull \hbox (85.76796pt too wide) in paragraph at lines 2403--2407
\T1/ptm/m/n/10 Dis-per-sions and size fac-tors must be set, usu-ally us-ing fun
c-tions [][]\T1/zi4/m/n/10 estimateJunctionSeqSizeFactors[][][]
[44] [45] (c:/texlive/2014/texmf-dist/tex/latex/base/utf8.def) [46] [47]
(c:/texlive/2014/texmf-dist/tex/latex/base/utf8.def) [48]
Overfull \hbox (2.21857pt too wide) in paragraph at lines 2721--2722
[]\T1/ptm/m/n/10 Logical. Whether to the en-tire \T1/zi4/m/n/10 JunctionSeqCoun
tSet \T1/ptm/m/n/10 ob-ject. De-fault is FALSE. 
[49] (./Rd2.ind [50]

LaTeX Font Warning: Font shape `T1/zi4/m/it' undefined
(Font)              using `T1/zi4/m/n' instead on input line 81.


Overfull \hbox (10.01662pt too wide) in paragraph at lines 168--170
\T1/ptm/m/it/10 (\T1/zi4/m/it/10 estimateJunctionSeqSizeFactors\T1/ptm/m/it/10 
)\T1/ptm/m/n/10 , 
[51]) (./Rd2.aux)

LaTeX Font Warning: Some font shapes were not available, defaults substituted.

 )
(see the transcript file for additional information)pdfTeX warning (dest): name
{Rfn.text} has been referenced but does not exist, replaced by a fixed one

pdfTeX warning (dest): name{Rfn.points} has been referenced but does not exist,
 replaced by a fixed one

pdfTeX warning (dest): name{Rfn.axis} has been referenced but does not exist, r
eplaced by a fixed one

pdfTeX warning (dest): name{Rfn.box} has been referenced but does not exist, re
placed by a fixed one

pdfTeX warning (dest): name{Rfn.lines} has been referenced but does not exist, 
replaced by a fixed one

pdfTeX warning (dest): name{Rfn.Versioned.Rdash.class} has been referenced but 
does not exist, replaced by a fixed one

pdfTeX warning (dest): name{Rfn.VersionedBiobase.Rdash.class} has been referenc
ed but does not exist, replaced by a fixed one

pdfTeX warning (dest): name{Rfn.eSet.Rdash.class} has been referenced but does 
not exist, replaced by a fixed one

pdfTeX warning (dest): name{Rfn.graphical\040parameters} has been referenced bu
t does not exist, replaced by a fixed one

pdfTeX warning (dest): name{Rfn.par} has been referenced but does not exist, re
placed by a fixed one

pdfTeX warning (dest): name{Rfn.estimateSizeFactors} has been referenced but do
es not exist, replaced by a fixed one

{c:/texlive/2014/texmf-dist/fonts/enc/dvips/base/8r.enc}{c:/texlive/2014/texmf-
dist/fonts/enc/dvips/inconsolata/i4-t1-0.enc}<c:/texlive/2014/texmf-dist/fonts/
type1/public/inconsolata/Inconsolata-zi4r.pfb><c:/texlive/2014/texmf-dist/fonts
/type1/public/amsfonts/cm/cmsy10.pfb><c:/texlive/2014/texmf-dist/fonts/type1/ur
w/helvetic/uhvr8a.pfb><c:/texlive/2014/texmf-dist/fonts/type1/urw/times/utmb8a.
pfb><c:/texlive/2014/texmf-dist/fonts/type1/urw/times/utmr8a.pfb><c:/texlive/20
14/texmf-dist/fonts/type1/urw/times/utmr8a.pfb><c:/texlive/2014/texmf-dist/font
s/type1/urw/times/utmri8a.pfb>
Output written on Rd2.pdf (51 pages, 201649 bytes).
Transcript written on Rd2.log.
Saving output to 'JunctionSeq-manual.pdf' ...
Done
You may want to clean up by 'rm -rf C:/Users/hartleys/AppData/Local/Temp/1/RtmpEFuk3b/Rd2pdf28f043df4591'
