Hmm ... looks like a package
This is pdfTeX, Version 3.14159265-2.6-1.40.15 (TeX Live 2014/W32TeX) (preloaded format=pdflatex)
 restricted \write18 enabled.
entering extended mode
(./Rd2.tex
LaTeX2e <2014/05/01>
Babel <3.9k> and hyphenation patterns for 79 languages loaded.

(c:/texlive/2014/texmf-dist/tex/latex/base/book.cls
Document Class: book 2007/10/19 v1.4h Standard LaTeX document class
(c:/texlive/2014/texmf-dist/tex/latex/base/bk10.clo))
(c:/PROGRA~1/R/R-3.2.2/share/texmf/tex/latex/Rd.sty
(c:/texlive/2014/texmf-dist/tex/latex/base/ifthen.sty)
(c:/texlive/2014/texmf-dist/tex/latex/tools/longtable.sty)
(c:/texlive/2014/texmf-dist/tex/latex/tools/bm.sty)
(c:/texlive/2014/texmf-dist/tex/latex/base/alltt.sty)
(c:/texlive/2014/texmf-dist/tex/latex/tools/verbatim.sty)
(c:/texlive/2014/texmf-dist/tex/latex/url/url.sty)
(c:/texlive/2014/texmf-dist/tex/latex/base/textcomp.sty
(c:/texlive/2014/texmf-dist/tex/latex/base/ts1enc.def))
(c:/texlive/2014/texmf-dist/tex/latex/base/fontenc.sty
(c:/texlive/2014/texmf-dist/tex/latex/base/t1enc.def))
(c:/texlive/2014/texmf-dist/tex/latex/psnfss/times.sty)
(c:/texlive/2014/texmf-dist/tex/latex/inconsolata/zi4.sty
`inconsolata-zi4' v1.05, 2014/06/22 Text macros for Inconsolata (msharpe)
(c:/texlive/2014/texmf-dist/tex/latex/graphics/keyval.sty))
(c:/texlive/2014/texmf-dist/tex/latex/graphics/color.sty
(c:/texlive/2014/texmf-dist/tex/latex/latexconfig/color.cfg)
(c:/texlive/2014/texmf-dist/tex/latex/pdftex-def/pdftex.def
(c:/texlive/2014/texmf-dist/tex/generic/oberdiek/infwarerr.sty)
(c:/texlive/2014/texmf-dist/tex/generic/oberdiek/ltxcmds.sty)))
(c:/texlive/2014/texmf-dist/tex/latex/hyperref/hyperref.sty
(c:/texlive/2014/texmf-dist/tex/generic/oberdiek/hobsub-hyperref.sty
(c:/texlive/2014/texmf-dist/tex/generic/oberdiek/hobsub-generic.sty))
(c:/texlive/2014/texmf-dist/tex/generic/ifxetex/ifxetex.sty)
(c:/texlive/2014/texmf-dist/tex/latex/oberdiek/auxhook.sty)
(c:/texlive/2014/texmf-dist/tex/latex/oberdiek/kvoptions.sty)
(c:/texlive/2014/texmf-dist/tex/latex/hyperref/pd1enc.def)
(c:/texlive/2014/texmf-dist/tex/latex/latexconfig/hyperref.cfg))

Package hyperref Message: Driver (autodetected): hpdftex.

(c:/texlive/2014/texmf-dist/tex/latex/hyperref/hpdftex.def
(c:/texlive/2014/texmf-dist/tex/latex/oberdiek/rerunfilecheck.sty))

Package hyperref Warning: Option `hyperindex' has already been used,
(hyperref)                setting the option has no effect on input line 366.


Package hyperref Warning: Option `pagebackref' has already been used,
(hyperref)                setting the option has no effect on input line 366.

) (c:/texlive/2014/texmf-dist/tex/latex/base/makeidx.sty)
(c:/texlive/2014/texmf-dist/tex/latex/base/inputenc.sty
(c:/texlive/2014/texmf-dist/tex/latex/base/utf8.def
(c:/texlive/2014/texmf-dist/tex/latex/base/t1enc.dfu)
(c:/texlive/2014/texmf-dist/tex/latex/base/ot1enc.dfu)
(c:/texlive/2014/texmf-dist/tex/latex/base/omsenc.dfu)
(c:/texlive/2014/texmf-dist/tex/latex/base/ts1enc.dfu))
(c:/texlive/2014/texmf-dist/tex/latex/base/latin1.def))
Writing index file Rd2.idx
No file Rd2.aux.
(c:/texlive/2014/texmf-dist/tex/latex/base/ts1cmr.fd)
(c:/texlive/2014/texmf-dist/tex/latex/psnfss/t1ptm.fd)
(c:/texlive/2014/texmf-dist/tex/context/base/supp-pdf.mkii
[Loading MPS to PDF converter (version 2006.09.02).]
) (c:/texlive/2014/texmf-dist/tex/latex/hyperref/nameref.sty
(c:/texlive/2014/texmf-dist/tex/generic/oberdiek/gettitlestring.sty))
(c:/texlive/2014/texmf-dist/tex/latex/inconsolata/t1zi4.fd)
(c:/texlive/2014/texmf-dist/tex/latex/psnfss/ts1ptm.fd)
(c:/texlive/2014/texmf-dist/tex/latex/psnfss/t1phv.fd)
(c:/texlive/2014/texmf-dist/tex/latex/base/utf8.def) [1{c:/texlive/2014/texmf-v
ar/fonts/map/pdftex/updmap/pdftex.map}]
Overfull \hbox (10.78088pt too wide) in paragraph at lines 64--64
 []                \T1/zi4/m/n/10 method.selectionCriterion = c("feature-pAdjus
t", "genewise-pAdjust"),[] 

Overfull \hbox (41.78088pt too wide) in paragraph at lines 65--65
 []                \T1/zi4/m/n/10 use.plotting.device = c("png","CairoPNG","svg
","tiff","cairo_ps","custom"),[] 

Overfull \hbox (16.78088pt too wide) in paragraph at lines 77--77
 []                \T1/zi4/m/n/10 plot.exon.results, plot.junction.results, plo
t.novel.junction.results,[] 

Overfull \hbox (47.78088pt too wide) in paragraph at lines 79--79
 []                \T1/zi4/m/n/10 plot.lwd=3, axes.lwd = plot.lwd, anno.lwd = p
lot.lwd, gene.lwd = plot.lwd / 2,[] 

Overfull \hbox (150.78088pt too wide) in paragraph at lines 80--80
 []                \T1/zi4/m/n/10 par.cex = 1, anno.cex.text = 1, anno.cex.axis
 = anno.cex.text, anno.cex.main = anno.cex.text * 1.2,[] 
[2] [3]
Overfull \hbox (106.71681pt too wide) in paragraph at lines 165--166
[]\T1/ptm/m/n/10 A named list of R col-ors, set-ting the col-ors used for var-i
-ous things. See [][]\T1/zi4/m/n/10 plotJunctionSeqResultsForGene[][][] 
[4] [5] [6]
Overfull \hbox (33.28886pt too wide) in paragraph at lines 292--299
\T1/ptm/m/n/10 must be a sub-directory of the same par-ent di-rec-tory. The \T1
/zi4/m/n/10 html.compare.results.list

Overfull \hbox (17.94876pt too wide) in paragraph at lines 292--299
\T1/ptm/m/n/10 must be a named list of these sub-di-rec-to-ries. \T1/zi4/m/n/10
 names(html.compare.results.list)

Overfull \hbox (48.57968pt too wide) in paragraph at lines 310--311
[]\T1/ptm/m/n/10 Additional op-tions to pass to [][]\T1/zi4/m/n/10 buildAllPlot
sForGene[][][]\T1/ptm/m/n/10 , [][]\T1/zi4/m/n/10 plotJunctionSeqResultsForGene
[][][]\T1/ptm/m/n/10 ,

Overfull \hbox (25.9809pt too wide) in paragraph at lines 323--323
 []\T1/zi4/m/n/9 decoder.file <- system.file("extdata/annoFiles/decoder.bySampl
e.txt",package="JctSeqExData2");[] 

Overfull \hbox (30.4809pt too wide) in paragraph at lines 327--327
 []\T1/zi4/m/n/9 gff.file <- system.file("extdata/cts/withNovel.forJunctionSeq.
gff.gz",package="JctSeqExData2");[] 
[7] (c:/texlive/2014/texmf-dist/tex/latex/base/utf8.def)
Overfull \hbox (2.39955pt too wide) in paragraph at lines 354--357
\T1/ptm/m/n/10 par-tic-u-lar gene. The pa-ram-e-ters \T1/zi4/m/n/10 expr.plot\T
1/ptm/m/n/10 , \T1/zi4/m/n/10 normCounts.plot\T1/ptm/m/n/10 , \T1/zi4/m/n/10 rE
xpr.plot\T1/ptm/m/n/10 , and \T1/zi4/m/n/10 rawCounts.plot

Overfull \hbox (61.78088pt too wide) in paragraph at lines 366--366
 []                     \T1/zi4/m/n/10 use.plotting.device = c("png","CairoPNG"
,"svg","tiff","cairo_ps","custom"),[] 

Overfull \hbox (36.78088pt too wide) in paragraph at lines 376--376
 []                     \T1/zi4/m/n/10 plot.exon.results, plot.junction.results
, plot.novel.junction.results,[] 

Overfull \hbox (67.78088pt too wide) in paragraph at lines 378--378
 []                     \T1/zi4/m/n/10 plot.lwd=3, axes.lwd = plot.lwd, anno.lw
d = plot.lwd, gene.lwd = plot.lwd / 2,[] 

Overfull \hbox (16.78088pt too wide) in paragraph at lines 381--381
 []                     \T1/zi4/m/n/10 anno.cex.axis = anno.cex.text, anno.cex.
main = anno.cex.text * 1.2,[] 
[8] [9]
Overfull \hbox (106.71681pt too wide) in paragraph at lines 441--442
[]\T1/ptm/m/n/10 A named list of R col-ors, set-ting the col-ors used for var-i
-ous things. See [][]\T1/zi4/m/n/10 plotJunctionSeqResultsForGene[][][] 
[10] [11]
Overfull \hbox (25.9809pt too wide) in paragraph at lines 565--565
 []\T1/zi4/m/n/9 decoder.file <- system.file("extdata/annoFiles/decoder.bySampl
e.txt",package="JctSeqExData2");[] 

Overfull \hbox (30.4809pt too wide) in paragraph at lines 569--569
 []\T1/zi4/m/n/9 gff.file <- system.file("extdata/cts/withNovel.forJunctionSeq.
gff.gz",package="JctSeqExData2");[] 
[12] (c:/texlive/2014/texmf-dist/tex/latex/base/utf8.def)
Overfull \hbox (0.60727pt too wide) in paragraph at lines 619--620
[]\T1/zi4/m/n/10 NOSIG.FEATURE.COLOR \T1/ptm/m/n/10 The color of ver-ti-cal lin
es in the plot-ting panel, for tested but non-significant

Overfull \hbox (184.56078pt too wide) in paragraph at lines 627--629
[]\T1/zi4/m/n/10 SIG.FEATURE.BORDER.COLOR, NOSIG.FEATURE.BORDER.COLOR, UNTESTAB
LE.FEATURE.BORDER.COLOR, EXCLUDED.FEATURE.BORDER.COLOR\T1/ptm/m/n/10 :

Overfull \hbox (141.78088pt too wide) in paragraph at lines 630--632
[]\T1/zi4/m/n/10 SIG.FEATURE.FILL.COLOR, NOSIG.FEATURE.FILL.COLOR, UNTESTABLE.F
EATURE.FILL.COLOR, EXCLUDED.FEATURE.FILL.COLOR
[13] (c:/texlive/2014/texmf-dist/tex/latex/base/utf8.def)
Overfull \hbox (24.78088pt too wide) in paragraph at lines 667--667
 []        \T1/zi4/m/n/10 method.expressionEstimation = c("feature-vs-gene","fe
ature-vs-otherFeatures"),[] 

Overfull \hbox (7.76886pt too wide) in paragraph at lines 681--685
[]\T1/ptm/m/n/10 A \T1/zi4/m/n/10 JunctionSeqCountSet\T1/ptm/m/n/10 . Usu-ally 
ini-tially cre-ated by [][]\T1/zi4/m/n/10 readJunctionSeqCounts[][][]\T1/ptm/m/
n/10 .
[14]
Overfull \hbox (25.9809pt too wide) in paragraph at lines 744--744
 []\T1/zi4/m/n/9 decoder.file <- system.file("extdata/annoFiles/decoder.bySampl
e.txt",package="JctSeqExData2");[] 

Overfull \hbox (30.4809pt too wide) in paragraph at lines 748--748
 []\T1/zi4/m/n/9 gff.file <- system.file("extdata/cts/withNovel.forJunctionSeq.
gff.gz",package="JctSeqExData2");[] 
[15] (c:/texlive/2014/texmf-dist/tex/latex/base/utf8.def)
Overfull \hbox (43.78088pt too wide) in paragraph at lines 795--795
 []        \T1/zi4/m/n/10 method.GLM = c(c("advanced","DESeq2-style"), c("simpl
eML","DEXSeq-v1.8.0-style")),[] 

Overfull \hbox (7.76886pt too wide) in paragraph at lines 808--812
[]\T1/ptm/m/n/10 A \T1/zi4/m/n/10 JunctionSeqCountSet\T1/ptm/m/n/10 . Usu-ally 
ini-tially cre-ated by [][]\T1/zi4/m/n/10 readJunctionSeqCounts[][][]\T1/ptm/m/
n/10 .
[16]
Overfull \hbox (0.46881pt too wide) in paragraph at lines 816--820
\T1/ptm/m/n/10 per-sion es-ti-ma-tion method-ol-ogy used by DE-Seq2 and DEXSeq 
v1.12.0 or higher

Overfull \hbox (25.9809pt too wide) in paragraph at lines 859--859
 []\T1/zi4/m/n/9 decoder.file <- system.file("extdata/annoFiles/decoder.bySampl
e.txt",package="JctSeqExData2");[] 

Overfull \hbox (30.4809pt too wide) in paragraph at lines 863--863
 []\T1/zi4/m/n/9 gff.file <- system.file("extdata/cts/withNovel.forJunctionSeq.
gff.gz",package="JctSeqExData2");[] 
[17] (c:/texlive/2014/texmf-dist/tex/latex/base/utf8.def) [18]
Overfull \hbox (7.76886pt too wide) in paragraph at lines 931--935
[]\T1/ptm/m/n/10 A \T1/zi4/m/n/10 JunctionSeqCountSet\T1/ptm/m/n/10 . Usu-ally 
ini-tially cre-ated by [][]\T1/zi4/m/n/10 readJunctionSeqCounts[][][]\T1/ptm/m/
n/10 .

Overfull \hbox (7.40805pt too wide) in paragraph at lines 945--949
[]\T1/ptm/m/n/10 This vari-able ac-ti-vates an al-ter-na-tive mode in which a (
very mi-nor) bug in DEXSeq

Overfull \hbox (25.9809pt too wide) in paragraph at lines 976--976
 []\T1/zi4/m/n/9 decoder.file <- system.file("extdata/annoFiles/decoder.bySampl
e.txt",package="JctSeqExData2");[] 

Overfull \hbox (30.4809pt too wide) in paragraph at lines 980--980
 []\T1/zi4/m/n/9 gff.file <- system.file("extdata/cts/withNovel.forJunctionSeq.
gff.gz",package="JctSeqExData2");[] 
[19] (c:/texlive/2014/texmf-dist/tex/latex/base/utf8.def)
Overfull \hbox (27.78088pt too wide) in paragraph at lines 1027--1027
 []    \T1/zi4/m/n/10 method.GLM = c(c("advanced","DESeq2-style"), c("simpleML"
,"DEXSeq-v1.8.0-style")),[] 

Overfull \hbox (7.76886pt too wide) in paragraph at lines 1038--1042
[]\T1/ptm/m/n/10 A \T1/zi4/m/n/10 JunctionSeqCountSet\T1/ptm/m/n/10 . Usu-ally 
ini-tially cre-ated by [][]\T1/zi4/m/n/10 readJunctionSeqCounts[][][]\T1/ptm/m/
n/10 .
[20]
Overfull \hbox (0.46881pt too wide) in paragraph at lines 1046--1050
\T1/ptm/m/n/10 per-sion es-ti-ma-tion method-ol-ogy used by DE-Seq2 and DEXSeq 
v1.12.0 or higher

Overfull \hbox (8.29675pt too wide) in paragraph at lines 1063--1066
\T1/ptm/m/n/10 splice junc-tions are be-ing tested si-mul-tan-iously, this pa-r
am-e-ter de-ter-mines whether

Overfull \hbox (25.9809pt too wide) in paragraph at lines 1085--1085
 []\T1/zi4/m/n/9 decoder.file <- system.file("extdata/annoFiles/decoder.bySampl
e.txt",package="JctSeqExData2");[] 
[21]
Overfull \hbox (30.4809pt too wide) in paragraph at lines 1089--1089
 []\T1/zi4/m/n/9 gff.file <- system.file("extdata/cts/withNovel.forJunctionSeq.
gff.gz",package="JctSeqExData2");[] 
(c:/texlive/2014/texmf-dist/tex/latex/base/utf8.def) [22]
Overfull \hbox (901.56078pt too wide) in paragraph at lines 1231--1233
[]\T1/zi4/m/n/10 newJunctionSeqCountSet( countData,                            
  geneCountData,                              design,                          
    geneIDs,                              countbinIDs,                         
     featureIntervals=NULL,                              transcripts=NULL)\T1/p
tm/m/n/10 :
[23]
Overfull \hbox (5.63742pt too wide) in paragraph at lines 1269--1271
[]\T1/ptm/m/n/10 Optional. A data.frame with 4 columns: "chr", "start", "end", 
and "strand".

Overfull \hbox (5.538pt too wide) in paragraph at lines 1290--1293
[]\T1/ptm/m/n/10 Class \T1/zi4/m/n/10 "[][]eSet[][][]"\T1/ptm/m/n/10 , di-rectl
y. Class \T1/zi4/m/n/10 "[][]VersionedBiobase[][][]"\T1/ptm/m/n/10 , by class "
eSet", dis-tance 2. Class \T1/zi4/m/n/10 "[][]Versioned[][][]"\T1/ptm/m/n/10 ,

Overfull \hbox (61.60887pt too wide) in paragraph at lines 1308--1310
[]\T1/ptm/m/n/10 The proper way to cre-ate a Junc-tion-Se-q-CountSet is to use 
[][]\T1/zi4/m/n/10 readJunctionSeqCounts[][][] \T1/ptm/m/n/10 or [][]\T1/zi4/m/
n/10 runJunctionSeqAnalyses[][][]\T1/ptm/m/n/10 . 
(c:/texlive/2014/texmf-dist/tex/latex/base/utf8.def) [24]
Overfull \hbox (35.99806pt too wide) in paragraph at lines 1351--1356
\T1/ptm/m/n/10 per-sions and size fac-tors must then be set, usu-ally us-ing fu
nc-tions [][]\T1/zi4/m/n/10 estimateSizeFactors[][][]
[25]
Overfull \hbox (25.9809pt too wide) in paragraph at lines 1444--1444
 []\T1/zi4/m/n/9 decoder.file <- system.file("extdata/annoFiles/decoder.bySampl
e.txt",package="JctSeqExData2");[] 

Overfull \hbox (30.4809pt too wide) in paragraph at lines 1448--1448
 []\T1/zi4/m/n/9 gff.file <- system.file("extdata/cts/withNovel.forJunctionSeq.
gff.gz",package="JctSeqExData2");[] 
[26] (c:/texlive/2014/texmf-dist/tex/latex/base/utf8.def)
Overfull \hbox (134.78088pt too wide) in paragraph at lines 1488--1488
 []                              \T1/zi4/m/n/10 exon.rescale.factor = 0.3, exon
RescaleFunction = c("sqrt","log","linear","34root"),[] 

Overfull \hbox (107.78088pt too wide) in paragraph at lines 1490--1490
 []                              \T1/zi4/m/n/10 plot.lwd = 3,axes.lwd = plot.lw
d, anno.lwd = plot.lwd, gene.lwd = plot.lwd / 2,[] 

Overfull \hbox (44.78088pt too wide) in paragraph at lines 1492--1492
 []                              \T1/zi4/m/n/10 anno.cex.axis=anno.cex.text, an
no.cex.main = anno.cex.text * 1.2,[] 

Overfull \hbox (66.78088pt too wide) in paragraph at lines 1494--1494
 []                              \T1/zi4/m/n/10 fit.countbin.names = TRUE, fit.
genomic.axis = TRUE, fit.labels = TRUE,[] 

Overfull \hbox (72.78088pt too wide) in paragraph at lines 1496--1496
 []                              \T1/zi4/m/n/10 plot.exon.results, plot.junctio
n.results, plot.novel.junction.results,[] 

Overfull \hbox (54.78088pt too wide) in paragraph at lines 1497--1497
 []                              \T1/zi4/m/n/10 plot.untestable.results = FALSE
, draw.untestable.annotation = TRUE,[] 
[27]
Overfull \hbox (107.78088pt too wide) in paragraph at lines 1512--1512
 []                              \T1/zi4/m/n/10 splice.junction.drawing.style =
 c("hyperbola","ellipse","triangular","line"),[] 

Overfull \hbox (76.71681pt too wide) in paragraph at lines 1547--1548
[]\T1/ptm/m/n/10 A named list of R col-ors, set-ting the col-ors used for var-i
-ous things. See \T1/zi4/m/n/10 link{junctionSeqColors}
[28] [29] [30]
Overfull \hbox (25.9809pt too wide) in paragraph at lines 1687--1687
 []\T1/zi4/m/n/9 decoder.file <- system.file("extdata/annoFiles/decoder.bySampl
e.txt",package="JctSeqExData2");[] 

Overfull \hbox (30.4809pt too wide) in paragraph at lines 1691--1691
 []\T1/zi4/m/n/9 gff.file <- system.file("extdata/cts/withNovel.forJunctionSeq.
gff.gz",package="JctSeqExData2");[] 
[31] (c:/texlive/2014/texmf-dist/tex/latex/base/utf8.def) [32]
Overfull \hbox (25.9809pt too wide) in paragraph at lines 1844--1844
 []\T1/zi4/m/n/9 decoder.file <- system.file("extdata/annoFiles/decoder.bySampl
e.txt",package="JctSeqExData2");[] 

Overfull \hbox (30.4809pt too wide) in paragraph at lines 1848--1848
 []\T1/zi4/m/n/9 gff.file <- system.file("extdata/cts/withNovel.forJunctionSeq.
gff.gz",package="JctSeqExData2");[] 
[33] (c:/texlive/2014/texmf-dist/tex/latex/base/utf8.def)
Overfull \hbox (20.16928pt too wide) in paragraph at lines 1874--1878
\T1/ptm/m/n/10 used by the end-user, but is called in-ter-nally by [][]\T1/zi4/
m/n/10 runJunctionSeqAnalyses[][][] \T1/ptm/m/n/10 or [][]\T1/zi4/m/n/10 readJu
nctionSeqCounts[][][]\T1/ptm/m/n/10 . 

Overfull \hbox (30.4809pt too wide) in paragraph at lines 1902--1902
 []\T1/zi4/m/n/9 gff.file <- system.file("extdata/cts/withNovel.forJunctionSeq.
gff.gz",package="JctSeqExData2");[] 
(c:/texlive/2014/texmf-dist/tex/latex/base/utf8.def)
Overfull \hbox (59.6178pt too wide) in paragraph at lines 1913--1915
[]\T1/ptm/m/n/10 This func-tion loads read-count data (usu-ally pro-duced by Qo
RTs) and com-piles them into a \T1/zi4/m/n/10 JunctionSeqCountSet
[34]
Overfull \hbox (98.78088pt too wide) in paragraph at lines 1935--1935
 []    \T1/zi4/m/n/10 method.countVectors = c("geneLevelCounts","sumOfAllBinsFo
rGene","sumOfAllBinsOfSameTypeForGene")[] 
[35]
Overfull \hbox (4.77821pt too wide) in paragraph at lines 1978--1982
[]\T1/ptm/m/n/10 Character string. One of "junc-tion-sAndEx-ons", "junc-tion-sO
nly", or "ex-on-sOnly".

Overfull \hbox (1.99771pt too wide) in paragraph at lines 1999--2000
\T1/ptm/m/n/10 to anal-y-sis. Note: this is overid-den if use.junctions is \T1/
zi4/m/n/10 FALSE \T1/ptm/m/n/10 or if \T1/zi4/m/n/10 analysis.type
[36]
Overfull \hbox (25.9809pt too wide) in paragraph at lines 2034--2034
 []\T1/zi4/m/n/9 decoder.file <- system.file("extdata/annoFiles/decoder.bySampl
e.txt",package="JctSeqExData2");[] 

Overfull \hbox (30.4809pt too wide) in paragraph at lines 2038--2038
 []\T1/zi4/m/n/9 gff.file <- system.file("extdata/cts/withNovel.forJunctionSeq.
gff.gz",package="JctSeqExData2");[] 
(c:/texlive/2014/texmf-dist/tex/latex/base/utf8.def)
Overfull \hbox (35.68677pt too wide) in paragraph at lines 2061--2067
[]\T1/ptm/m/n/10 This func-tion runs a com-plete anal-y-sis from start to fin-i
sh. It in-ter-nally calls func-tions [][]\T1/zi4/m/n/10 readAnnotationData[][][
]\T1/ptm/m/n/10 ,

Overfull \hbox (21.32092pt too wide) in paragraph at lines 2061--2067
[][]\T1/zi4/m/n/10 readJunctionSeqCounts[][][]\T1/ptm/m/n/10 , [][]\T1/zi4/m/n/
10 estimateJunctionSeqSizeFactors[][][]\T1/ptm/m/n/10 , [][]\T1/zi4/m/n/10 esti
mateJunctionSeqDispersions[][][]\T1/ptm/m/n/10 ,
[37]
Overfull \hbox (31.78088pt too wide) in paragraph at lines 2086--2086
 []     \T1/zi4/m/n/10 method.GLM = c(c("advanced","DESeq2-style"), c("simpleML
","DEXSeq-v1.8.0-style")),[] 

Overfull \hbox (107.78088pt too wide) in paragraph at lines 2090--2090
 []     \T1/zi4/m/n/10 method.countVectors = c("geneLevelCounts","sumOfAllBinsF
orGene","sumOfAllBinsOfSameTypeForGene"),[] 

Overfull \hbox (12.78088pt too wide) in paragraph at lines 2091--2091
 []     \T1/zi4/m/n/10 method.expressionEstimation = c("feature-vs-gene","featu
re-vs-otherFeatures"),[] 

Overfull \hbox (4.77821pt too wide) in paragraph at lines 2121--2125
[]\T1/ptm/m/n/10 Character string. One of "junc-tion-sAndEx-ons", "junc-tion-sO
nly", or "ex-on-sOnly".
[38]
Overfull \hbox (1.99771pt too wide) in paragraph at lines 2173--2174
\T1/ptm/m/n/10 to anal-y-sis. Note: this is overid-den if use.junctions is \T1/
zi4/m/n/10 FALSE \T1/ptm/m/n/10 or if \T1/zi4/m/n/10 analysis.type

Overfull \hbox (0.46881pt too wide) in paragraph at lines 2193--2197
\T1/ptm/m/n/10 per-sion es-ti-ma-tion method-ol-ogy used by DE-Seq2 and DEXSeq 
v1.12.0 or higher
[39] [40]
Overfull \hbox (8.29675pt too wide) in paragraph at lines 2242--2245
\T1/ptm/m/n/10 splice junc-tions are be-ing tested si-mul-tan-iously, this pa-r
am-e-ter de-ter-mines whether

Overfull \hbox (7.40805pt too wide) in paragraph at lines 2259--2263
[]\T1/ptm/m/n/10 This vari-able ac-ti-vates an al-ter-na-tive mode in which a (
very mi-nor) bug in DEXSeq

Overfull \hbox (25.9809pt too wide) in paragraph at lines 2278--2278
 []\T1/zi4/m/n/9 decoder.file <- system.file("extdata/annoFiles/decoder.bySampl
e.txt",package="JctSeqExData2");[] 

Overfull \hbox (30.4809pt too wide) in paragraph at lines 2282--2282
 []\T1/zi4/m/n/9 gff.file <- system.file("extdata/cts/withNovel.forJunctionSeq.
gff.gz",package="JctSeqExData2");[] 
[41] (c:/texlive/2014/texmf-dist/tex/latex/base/utf8.def)
Overfull \hbox (51.78088pt too wide) in paragraph at lines 2318--2318
 []          \T1/zi4/m/n/10 method.GLM = c(c("advanced","DESeq2-style"), c("sim
pleML","DEXSeq-v1.8.0-style")),[] 

Overfull \hbox (7.76886pt too wide) in paragraph at lines 2333--2337
[]\T1/ptm/m/n/10 A \T1/zi4/m/n/10 JunctionSeqCountSet\T1/ptm/m/n/10 . Usu-ally 
ini-tially cre-ated by [][]\T1/zi4/m/n/10 readJunctionSeqCounts[][][]\T1/ptm/m/
n/10 .

Overfull \hbox (85.76796pt too wide) in paragraph at lines 2333--2337
\T1/ptm/m/n/10 Dis-per-sions and size fac-tors must be set, usu-ally us-ing fun
c-tions [][]\T1/zi4/m/n/10 estimateJunctionSeqSizeFactors[][][]
[42]
Overfull \hbox (25.9809pt too wide) in paragraph at lines 2397--2397
 []\T1/zi4/m/n/9 decoder.file <- system.file("extdata/annoFiles/decoder.bySampl
e.txt",package="JctSeqExData2");[] 

Overfull \hbox (30.4809pt too wide) in paragraph at lines 2401--2401
 []\T1/zi4/m/n/9 gff.file <- system.file("extdata/cts/withNovel.forJunctionSeq.
gff.gz",package="JctSeqExData2");[] 
[43] (c:/texlive/2014/texmf-dist/tex/latex/base/utf8.def)
Overfull \hbox (26.78088pt too wide) in paragraph at lines 2448--2448
 []                    \T1/zi4/m/n/10 plot.exons = TRUE, plot.junctions = TRUE,
 plot.novel.junctions = TRUE,[] 
[44]
Overfull \hbox (22.78088pt too wide) in paragraph at lines 2464--2464
 []                   \T1/zi4/m/n/10 plot.exons = TRUE, plot.junctions = TRUE, 
plot.novel.junctions = TRUE,[] 
[45]
Overfull \hbox (25.9809pt too wide) in paragraph at lines 2563--2563
 []\T1/zi4/m/n/9 decoder.file <- system.file("extdata/annoFiles/decoder.bySampl
e.txt",package="JctSeqExData2");[] 

Overfull \hbox (30.4809pt too wide) in paragraph at lines 2567--2567
 []\T1/zi4/m/n/9 gff.file <- system.file("extdata/cts/withNovel.forJunctionSeq.
gff.gz",package="JctSeqExData2");[] 
(c:/texlive/2014/texmf-dist/tex/latex/base/utf8.def) [46]
Overfull \hbox (2.21857pt too wide) in paragraph at lines 2643--2644
[]\T1/ptm/m/n/10 Logical. Whether to the en-tire \T1/zi4/m/n/10 JunctionSeqCoun
tSet \T1/ptm/m/n/10 ob-ject. De-fault is FALSE. 
[47]
Overfull \hbox (25.9809pt too wide) in paragraph at lines 2664--2664
 []\T1/zi4/m/n/9 decoder.file <- system.file("extdata/annoFiles/decoder.bySampl
e.txt",package="JctSeqExData2");[] 

Overfull \hbox (30.4809pt too wide) in paragraph at lines 2668--2668
 []\T1/zi4/m/n/9 gff.file <- system.file("extdata/cts/withNovel.forJunctionSeq.
gff.gz",package="JctSeqExData2");[] 
No file Rd2.ind.
[48] (./Rd2.aux)

Package rerunfilecheck Warning: File `Rd2.out' has changed.
(rerunfilecheck)                Rerun to get outlines right
(rerunfilecheck)                or use package `bookmark'.

 )
(see the transcript file for additional information)pdfTeX warning (dest): name
{Rfn.text} has been referenced but does not exist, replaced by a fixed one

pdfTeX warning (dest): name{Rfn.points} has been referenced but does not exist,
 replaced by a fixed one

pdfTeX warning (dest): name{Rfn.axis} has been referenced but does not exist, r
eplaced by a fixed one

pdfTeX warning (dest): name{Rfn.box} has been referenced but does not exist, re
placed by a fixed one

pdfTeX warning (dest): name{Rfn.lines} has been referenced but does not exist, 
replaced by a fixed one

pdfTeX warning (dest): name{Rfn.Versioned.Rdash.class} has been referenced but 
does not exist, replaced by a fixed one

pdfTeX warning (dest): name{Rfn.VersionedBiobase.Rdash.class} has been referenc
ed but does not exist, replaced by a fixed one

pdfTeX warning (dest): name{Rfn.eSet.Rdash.class} has been referenced but does 
not exist, replaced by a fixed one

pdfTeX warning (dest): name{Rfn.graphical\040parameters} has been referenced bu
t does not exist, replaced by a fixed one

pdfTeX warning (dest): name{Rfn.par} has been referenced but does not exist, re
placed by a fixed one

pdfTeX warning (dest): name{Rfn.estimateSizeFactors} has been referenced but do
es not exist, replaced by a fixed one

{c:/texlive/2014/texmf-dist/fonts/enc/dvips/base/8r.enc}{c:/texlive/2014/texmf-
dist/fonts/enc/dvips/inconsolata/i4-t1-0.enc}<c:/texlive/2014/texmf-dist/fonts/
type1/public/inconsolata/Inconsolata-zi4r.pfb><c:/texlive/2014/texmf-dist/fonts
/type1/urw/helvetic/uhvr8a.pfb><c:/texlive/2014/texmf-dist/fonts/type1/urw/time
s/utmb8a.pfb><c:/texlive/2014/texmf-dist/fonts/type1/urw/times/utmr8a.pfb><c:/t
exlive/2014/texmf-dist/fonts/type1/urw/times/utmr8a.pfb><c:/texlive/2014/texmf-
dist/fonts/type1/urw/times/utmri8a.pfb>
Output written on Rd2.pdf (48 pages, 184208 bytes).
Transcript written on Rd2.log.
This is makeindex, version 2.15 [TeX Live 2010] (kpathsea + Thai support).
Scanning input file Rd2.idx....done (151 entries accepted, 0 rejected).
Sorting entries....done (1200 comparisons).
Generating output file Rd2.ind....done (173 lines written, 0 warnings).
Output written in Rd2.ind.
Transcript written in Rd2.ilg.
This is pdfTeX, Version 3.14159265-2.6-1.40.15 (TeX Live 2014/W32TeX) (preloaded format=pdflatex)
 restricted \write18 enabled.
entering extended mode
(./Rd2.tex
LaTeX2e <2014/05/01>
Babel <3.9k> and hyphenation patterns for 79 languages loaded.

(c:/texlive/2014/texmf-dist/tex/latex/base/book.cls
Document Class: book 2007/10/19 v1.4h Standard LaTeX document class
(c:/texlive/2014/texmf-dist/tex/latex/base/bk10.clo))
(c:/PROGRA~1/R/R-3.2.2/share/texmf/tex/latex/Rd.sty
(c:/texlive/2014/texmf-dist/tex/latex/base/ifthen.sty)
(c:/texlive/2014/texmf-dist/tex/latex/tools/longtable.sty)
(c:/texlive/2014/texmf-dist/tex/latex/tools/bm.sty)
(c:/texlive/2014/texmf-dist/tex/latex/base/alltt.sty)
(c:/texlive/2014/texmf-dist/tex/latex/tools/verbatim.sty)
(c:/texlive/2014/texmf-dist/tex/latex/url/url.sty)
(c:/texlive/2014/texmf-dist/tex/latex/base/textcomp.sty
(c:/texlive/2014/texmf-dist/tex/latex/base/ts1enc.def))
(c:/texlive/2014/texmf-dist/tex/latex/base/fontenc.sty
(c:/texlive/2014/texmf-dist/tex/latex/base/t1enc.def))
(c:/texlive/2014/texmf-dist/tex/latex/psnfss/times.sty)
(c:/texlive/2014/texmf-dist/tex/latex/inconsolata/zi4.sty
`inconsolata-zi4' v1.05, 2014/06/22 Text macros for Inconsolata (msharpe)
(c:/texlive/2014/texmf-dist/tex/latex/graphics/keyval.sty))
(c:/texlive/2014/texmf-dist/tex/latex/graphics/color.sty
(c:/texlive/2014/texmf-dist/tex/latex/latexconfig/color.cfg)
(c:/texlive/2014/texmf-dist/tex/latex/pdftex-def/pdftex.def
(c:/texlive/2014/texmf-dist/tex/generic/oberdiek/infwarerr.sty)
(c:/texlive/2014/texmf-dist/tex/generic/oberdiek/ltxcmds.sty)))
(c:/texlive/2014/texmf-dist/tex/latex/hyperref/hyperref.sty
(c:/texlive/2014/texmf-dist/tex/generic/oberdiek/hobsub-hyperref.sty
(c:/texlive/2014/texmf-dist/tex/generic/oberdiek/hobsub-generic.sty))
(c:/texlive/2014/texmf-dist/tex/generic/ifxetex/ifxetex.sty)
(c:/texlive/2014/texmf-dist/tex/latex/oberdiek/auxhook.sty)
(c:/texlive/2014/texmf-dist/tex/latex/oberdiek/kvoptions.sty)
(c:/texlive/2014/texmf-dist/tex/latex/hyperref/pd1enc.def)
(c:/texlive/2014/texmf-dist/tex/latex/latexconfig/hyperref.cfg))

Package hyperref Message: Driver (autodetected): hpdftex.

(c:/texlive/2014/texmf-dist/tex/latex/hyperref/hpdftex.def
(c:/texlive/2014/texmf-dist/tex/latex/oberdiek/rerunfilecheck.sty))

Package hyperref Warning: Option `hyperindex' has already been used,
(hyperref)                setting the option has no effect on input line 366.


Package hyperref Warning: Option `pagebackref' has already been used,
(hyperref)                setting the option has no effect on input line 366.

) (c:/texlive/2014/texmf-dist/tex/latex/base/makeidx.sty)
(c:/texlive/2014/texmf-dist/tex/latex/base/inputenc.sty
(c:/texlive/2014/texmf-dist/tex/latex/base/utf8.def
(c:/texlive/2014/texmf-dist/tex/latex/base/t1enc.dfu)
(c:/texlive/2014/texmf-dist/tex/latex/base/ot1enc.dfu)
(c:/texlive/2014/texmf-dist/tex/latex/base/omsenc.dfu)
(c:/texlive/2014/texmf-dist/tex/latex/base/ts1enc.dfu))
(c:/texlive/2014/texmf-dist/tex/latex/base/latin1.def))
Writing index file Rd2.idx
(./Rd2.aux) (c:/texlive/2014/texmf-dist/tex/latex/base/ts1cmr.fd)
(c:/texlive/2014/texmf-dist/tex/latex/psnfss/t1ptm.fd)
(c:/texlive/2014/texmf-dist/tex/context/base/supp-pdf.mkii
[Loading MPS to PDF converter (version 2006.09.02).]
) (c:/texlive/2014/texmf-dist/tex/latex/hyperref/nameref.sty
(c:/texlive/2014/texmf-dist/tex/generic/oberdiek/gettitlestring.sty))
(./Rd2.out) (./Rd2.out)
(c:/texlive/2014/texmf-dist/tex/latex/inconsolata/t1zi4.fd)
(c:/texlive/2014/texmf-dist/tex/latex/psnfss/ts1ptm.fd)
(c:/texlive/2014/texmf-dist/tex/latex/psnfss/t1phv.fd) (./Rd2.toc [1{c:/texlive
/2014/texmf-var/fonts/map/pdftex/updmap/pdftex.map}])
(c:/texlive/2014/texmf-dist/tex/latex/base/utf8.def)
Overfull \hbox (10.78088pt too wide) in paragraph at lines 64--64
 []                \T1/zi4/m/n/10 method.selectionCriterion = c("feature-pAdjus
t", "genewise-pAdjust"),[] 

Overfull \hbox (41.78088pt too wide) in paragraph at lines 65--65
 []                \T1/zi4/m/n/10 use.plotting.device = c("png","CairoPNG","svg
","tiff","cairo_ps","custom"),[] 

Overfull \hbox (16.78088pt too wide) in paragraph at lines 77--77
 []                \T1/zi4/m/n/10 plot.exon.results, plot.junction.results, plo
t.novel.junction.results,[] 
[2]
Overfull \hbox (47.78088pt too wide) in paragraph at lines 79--79
 []                \T1/zi4/m/n/10 plot.lwd=3, axes.lwd = plot.lwd, anno.lwd = p
lot.lwd, gene.lwd = plot.lwd / 2,[] 

Overfull \hbox (150.78088pt too wide) in paragraph at lines 80--80
 []                \T1/zi4/m/n/10 par.cex = 1, anno.cex.text = 1, anno.cex.axis
 = anno.cex.text, anno.cex.main = anno.cex.text * 1.2,[] 
[3]
Overfull \hbox (106.71681pt too wide) in paragraph at lines 165--166
[]\T1/ptm/m/n/10 A named list of R col-ors, set-ting the col-ors used for var-i
-ous things. See [][]\T1/zi4/m/n/10 plotJunctionSeqResultsForGene[][][] 
[4] [5] [6]
Overfull \hbox (33.28886pt too wide) in paragraph at lines 292--299
\T1/ptm/m/n/10 must be a sub-directory of the same par-ent di-rec-tory. The \T1
/zi4/m/n/10 html.compare.results.list

Overfull \hbox (17.94876pt too wide) in paragraph at lines 292--299
\T1/ptm/m/n/10 must be a named list of these sub-di-rec-to-ries. \T1/zi4/m/n/10
 names(html.compare.results.list)

Overfull \hbox (48.57968pt too wide) in paragraph at lines 310--311
[]\T1/ptm/m/n/10 Additional op-tions to pass to [][]\T1/zi4/m/n/10 buildAllPlot
sForGene[][][]\T1/ptm/m/n/10 , [][]\T1/zi4/m/n/10 plotJunctionSeqResultsForGene
[][][]\T1/ptm/m/n/10 ,

Overfull \hbox (25.9809pt too wide) in paragraph at lines 323--323
 []\T1/zi4/m/n/9 decoder.file <- system.file("extdata/annoFiles/decoder.bySampl
e.txt",package="JctSeqExData2");[] 
[7]
Overfull \hbox (30.4809pt too wide) in paragraph at lines 327--327
 []\T1/zi4/m/n/9 gff.file <- system.file("extdata/cts/withNovel.forJunctionSeq.
gff.gz",package="JctSeqExData2");[] 
(c:/texlive/2014/texmf-dist/tex/latex/base/utf8.def)
Overfull \hbox (2.39955pt too wide) in paragraph at lines 354--357
\T1/ptm/m/n/10 par-tic-u-lar gene. The pa-ram-e-ters \T1/zi4/m/n/10 expr.plot\T
1/ptm/m/n/10 , \T1/zi4/m/n/10 normCounts.plot\T1/ptm/m/n/10 , \T1/zi4/m/n/10 rE
xpr.plot\T1/ptm/m/n/10 , and \T1/zi4/m/n/10 rawCounts.plot

Overfull \hbox (61.78088pt too wide) in paragraph at lines 366--366
 []                     \T1/zi4/m/n/10 use.plotting.device = c("png","CairoPNG"
,"svg","tiff","cairo_ps","custom"),[] 
[8]
Overfull \hbox (36.78088pt too wide) in paragraph at lines 376--376
 []                     \T1/zi4/m/n/10 plot.exon.results, plot.junction.results
, plot.novel.junction.results,[] 

Overfull \hbox (67.78088pt too wide) in paragraph at lines 378--378
 []                     \T1/zi4/m/n/10 plot.lwd=3, axes.lwd = plot.lwd, anno.lw
d = plot.lwd, gene.lwd = plot.lwd / 2,[] 

Overfull \hbox (16.78088pt too wide) in paragraph at lines 381--381
 []                     \T1/zi4/m/n/10 anno.cex.axis = anno.cex.text, anno.cex.
main = anno.cex.text * 1.2,[] 
[9]
Overfull \hbox (106.71681pt too wide) in paragraph at lines 441--442
[]\T1/ptm/m/n/10 A named list of R col-ors, set-ting the col-ors used for var-i
-ous things. See [][]\T1/zi4/m/n/10 plotJunctionSeqResultsForGene[][][] 
[10] [11] [12]
Overfull \hbox (25.9809pt too wide) in paragraph at lines 565--565
 []\T1/zi4/m/n/9 decoder.file <- system.file("extdata/annoFiles/decoder.bySampl
e.txt",package="JctSeqExData2");[] 

Overfull \hbox (30.4809pt too wide) in paragraph at lines 569--569
 []\T1/zi4/m/n/9 gff.file <- system.file("extdata/cts/withNovel.forJunctionSeq.
gff.gz",package="JctSeqExData2");[] 
(c:/texlive/2014/texmf-dist/tex/latex/base/utf8.def)
Overfull \hbox (0.60727pt too wide) in paragraph at lines 619--620
[]\T1/zi4/m/n/10 NOSIG.FEATURE.COLOR \T1/ptm/m/n/10 The color of ver-ti-cal lin
es in the plot-ting panel, for tested but non-significant
[13]
Overfull \hbox (184.56078pt too wide) in paragraph at lines 627--629
[]\T1/zi4/m/n/10 SIG.FEATURE.BORDER.COLOR, NOSIG.FEATURE.BORDER.COLOR, UNTESTAB
LE.FEATURE.BORDER.COLOR, EXCLUDED.FEATURE.BORDER.COLOR\T1/ptm/m/n/10 :

Overfull \hbox (141.78088pt too wide) in paragraph at lines 630--632
[]\T1/zi4/m/n/10 SIG.FEATURE.FILL.COLOR, NOSIG.FEATURE.FILL.COLOR, UNTESTABLE.F
EATURE.FILL.COLOR, EXCLUDED.FEATURE.FILL.COLOR
(c:/texlive/2014/texmf-dist/tex/latex/base/utf8.def)
Overfull \hbox (24.78088pt too wide) in paragraph at lines 667--667
 []        \T1/zi4/m/n/10 method.expressionEstimation = c("feature-vs-gene","fe
ature-vs-otherFeatures"),[] 
[14]
Overfull \hbox (7.76886pt too wide) in paragraph at lines 681--685
[]\T1/ptm/m/n/10 A \T1/zi4/m/n/10 JunctionSeqCountSet\T1/ptm/m/n/10 . Usu-ally 
ini-tially cre-ated by [][]\T1/zi4/m/n/10 readJunctionSeqCounts[][][]\T1/ptm/m/
n/10 .
[15]
Overfull \hbox (25.9809pt too wide) in paragraph at lines 744--744
 []\T1/zi4/m/n/9 decoder.file <- system.file("extdata/annoFiles/decoder.bySampl
e.txt",package="JctSeqExData2");[] 

Overfull \hbox (30.4809pt too wide) in paragraph at lines 748--748
 []\T1/zi4/m/n/9 gff.file <- system.file("extdata/cts/withNovel.forJunctionSeq.
gff.gz",package="JctSeqExData2");[] 
(c:/texlive/2014/texmf-dist/tex/latex/base/utf8.def) [16]
Overfull \hbox (43.78088pt too wide) in paragraph at lines 795--795
 []        \T1/zi4/m/n/10 method.GLM = c(c("advanced","DESeq2-style"), c("simpl
eML","DEXSeq-v1.8.0-style")),[] 

Overfull \hbox (7.76886pt too wide) in paragraph at lines 808--812
[]\T1/ptm/m/n/10 A \T1/zi4/m/n/10 JunctionSeqCountSet\T1/ptm/m/n/10 . Usu-ally 
ini-tially cre-ated by [][]\T1/zi4/m/n/10 readJunctionSeqCounts[][][]\T1/ptm/m/
n/10 .

Overfull \hbox (0.46881pt too wide) in paragraph at lines 816--820
\T1/ptm/m/n/10 per-sion es-ti-ma-tion method-ol-ogy used by DE-Seq2 and DEXSeq 
v1.12.0 or higher
[17]
Overfull \hbox (25.9809pt too wide) in paragraph at lines 859--859
 []\T1/zi4/m/n/9 decoder.file <- system.file("extdata/annoFiles/decoder.bySampl
e.txt",package="JctSeqExData2");[] 

Overfull \hbox (30.4809pt too wide) in paragraph at lines 863--863
 []\T1/zi4/m/n/9 gff.file <- system.file("extdata/cts/withNovel.forJunctionSeq.
gff.gz",package="JctSeqExData2");[] 
[18] (c:/texlive/2014/texmf-dist/tex/latex/base/utf8.def)
Overfull \hbox (7.76886pt too wide) in paragraph at lines 931--935
[]\T1/ptm/m/n/10 A \T1/zi4/m/n/10 JunctionSeqCountSet\T1/ptm/m/n/10 . Usu-ally 
ini-tially cre-ated by [][]\T1/zi4/m/n/10 readJunctionSeqCounts[][][]\T1/ptm/m/
n/10 .

Overfull \hbox (7.40805pt too wide) in paragraph at lines 945--949
[]\T1/ptm/m/n/10 This vari-able ac-ti-vates an al-ter-na-tive mode in which a (
very mi-nor) bug in DEXSeq
[19]
Overfull \hbox (25.9809pt too wide) in paragraph at lines 976--976
 []\T1/zi4/m/n/9 decoder.file <- system.file("extdata/annoFiles/decoder.bySampl
e.txt",package="JctSeqExData2");[] 

Overfull \hbox (30.4809pt too wide) in paragraph at lines 980--980
 []\T1/zi4/m/n/9 gff.file <- system.file("extdata/cts/withNovel.forJunctionSeq.
gff.gz",package="JctSeqExData2");[] 
(c:/texlive/2014/texmf-dist/tex/latex/base/utf8.def) [20]
Overfull \hbox (27.78088pt too wide) in paragraph at lines 1027--1027
 []    \T1/zi4/m/n/10 method.GLM = c(c("advanced","DESeq2-style"), c("simpleML"
,"DEXSeq-v1.8.0-style")),[] 

Overfull \hbox (7.76886pt too wide) in paragraph at lines 1038--1042
[]\T1/ptm/m/n/10 A \T1/zi4/m/n/10 JunctionSeqCountSet\T1/ptm/m/n/10 . Usu-ally 
ini-tially cre-ated by [][]\T1/zi4/m/n/10 readJunctionSeqCounts[][][]\T1/ptm/m/
n/10 .

Overfull \hbox (0.46881pt too wide) in paragraph at lines 1046--1050
\T1/ptm/m/n/10 per-sion es-ti-ma-tion method-ol-ogy used by DE-Seq2 and DEXSeq 
v1.12.0 or higher

Overfull \hbox (8.29675pt too wide) in paragraph at lines 1063--1066
\T1/ptm/m/n/10 splice junc-tions are be-ing tested si-mul-tan-iously, this pa-r
am-e-ter de-ter-mines whether
[21]
Overfull \hbox (25.9809pt too wide) in paragraph at lines 1085--1085
 []\T1/zi4/m/n/9 decoder.file <- system.file("extdata/annoFiles/decoder.bySampl
e.txt",package="JctSeqExData2");[] 

Overfull \hbox (30.4809pt too wide) in paragraph at lines 1089--1089
 []\T1/zi4/m/n/9 gff.file <- system.file("extdata/cts/withNovel.forJunctionSeq.
gff.gz",package="JctSeqExData2");[] 
(c:/texlive/2014/texmf-dist/tex/latex/base/utf8.def) [22] [23]
Overfull \hbox (901.56078pt too wide) in paragraph at lines 1231--1233
[]\T1/zi4/m/n/10 newJunctionSeqCountSet( countData,                            
  geneCountData,                              design,                          
    geneIDs,                              countbinIDs,                         
     featureIntervals=NULL,                              transcripts=NULL)\T1/p
tm/m/n/10 :

Overfull \hbox (5.63742pt too wide) in paragraph at lines 1269--1271
[]\T1/ptm/m/n/10 Optional. A data.frame with 4 columns: "chr", "start", "end", 
and "strand".

Overfull \hbox (5.538pt too wide) in paragraph at lines 1290--1293
[]\T1/ptm/m/n/10 Class \T1/zi4/m/n/10 "[][]eSet[][][]"\T1/ptm/m/n/10 , di-rectl
y. Class \T1/zi4/m/n/10 "[][]VersionedBiobase[][][]"\T1/ptm/m/n/10 , by class "
eSet", dis-tance 2. Class \T1/zi4/m/n/10 "[][]Versioned[][][]"\T1/ptm/m/n/10 ,
[24]
Overfull \hbox (61.60887pt too wide) in paragraph at lines 1308--1310
[]\T1/ptm/m/n/10 The proper way to cre-ate a Junc-tion-Se-q-CountSet is to use 
[][]\T1/zi4/m/n/10 readJunctionSeqCounts[][][] \T1/ptm/m/n/10 or [][]\T1/zi4/m/
n/10 runJunctionSeqAnalyses[][][]\T1/ptm/m/n/10 . 
(c:/texlive/2014/texmf-dist/tex/latex/base/utf8.def)
Overfull \hbox (35.99806pt too wide) in paragraph at lines 1351--1356
\T1/ptm/m/n/10 per-sions and size fac-tors must then be set, usu-ally us-ing fu
nc-tions [][]\T1/zi4/m/n/10 estimateSizeFactors[][][]
[25]
Overfull \hbox (25.9809pt too wide) in paragraph at lines 1444--1444
 []\T1/zi4/m/n/9 decoder.file <- system.file("extdata/annoFiles/decoder.bySampl
e.txt",package="JctSeqExData2");[] 
[26]
Overfull \hbox (30.4809pt too wide) in paragraph at lines 1448--1448
 []\T1/zi4/m/n/9 gff.file <- system.file("extdata/cts/withNovel.forJunctionSeq.
gff.gz",package="JctSeqExData2");[] 
(c:/texlive/2014/texmf-dist/tex/latex/base/utf8.def)
Overfull \hbox (134.78088pt too wide) in paragraph at lines 1488--1488
 []                              \T1/zi4/m/n/10 exon.rescale.factor = 0.3, exon
RescaleFunction = c("sqrt","log","linear","34root"),[] 

Overfull \hbox (107.78088pt too wide) in paragraph at lines 1490--1490
 []                              \T1/zi4/m/n/10 plot.lwd = 3,axes.lwd = plot.lw
d, anno.lwd = plot.lwd, gene.lwd = plot.lwd / 2,[] 

Overfull \hbox (44.78088pt too wide) in paragraph at lines 1492--1492
 []                              \T1/zi4/m/n/10 anno.cex.axis=anno.cex.text, an
no.cex.main = anno.cex.text * 1.2,[] 

Overfull \hbox (66.78088pt too wide) in paragraph at lines 1494--1494
 []                              \T1/zi4/m/n/10 fit.countbin.names = TRUE, fit.
genomic.axis = TRUE, fit.labels = TRUE,[] 
[27]
Overfull \hbox (72.78088pt too wide) in paragraph at lines 1496--1496
 []                              \T1/zi4/m/n/10 plot.exon.results, plot.junctio
n.results, plot.novel.junction.results,[] 

Overfull \hbox (54.78088pt too wide) in paragraph at lines 1497--1497
 []                              \T1/zi4/m/n/10 plot.untestable.results = FALSE
, draw.untestable.annotation = TRUE,[] 

Overfull \hbox (107.78088pt too wide) in paragraph at lines 1512--1512
 []                              \T1/zi4/m/n/10 splice.junction.drawing.style =
 c("hyperbola","ellipse","triangular","line"),[] 

Overfull \hbox (76.71681pt too wide) in paragraph at lines 1547--1548
[]\T1/ptm/m/n/10 A named list of R col-ors, set-ting the col-ors used for var-i
-ous things. See \T1/zi4/m/n/10 link{junctionSeqColors}
[28] [29] [30]
Overfull \hbox (25.9809pt too wide) in paragraph at lines 1687--1687
 []\T1/zi4/m/n/9 decoder.file <- system.file("extdata/annoFiles/decoder.bySampl
e.txt",package="JctSeqExData2");[] 

Overfull \hbox (30.4809pt too wide) in paragraph at lines 1691--1691
 []\T1/zi4/m/n/9 gff.file <- system.file("extdata/cts/withNovel.forJunctionSeq.
gff.gz",package="JctSeqExData2");[] 
[31] (c:/texlive/2014/texmf-dist/tex/latex/base/utf8.def) [32] [33]
Overfull \hbox (25.9809pt too wide) in paragraph at lines 1844--1844
 []\T1/zi4/m/n/9 decoder.file <- system.file("extdata/annoFiles/decoder.bySampl
e.txt",package="JctSeqExData2");[] 

Overfull \hbox (30.4809pt too wide) in paragraph at lines 1848--1848
 []\T1/zi4/m/n/9 gff.file <- system.file("extdata/cts/withNovel.forJunctionSeq.
gff.gz",package="JctSeqExData2");[] 
(c:/texlive/2014/texmf-dist/tex/latex/base/utf8.def)
Overfull \hbox (20.16928pt too wide) in paragraph at lines 1874--1878
\T1/ptm/m/n/10 used by the end-user, but is called in-ter-nally by [][]\T1/zi4/
m/n/10 runJunctionSeqAnalyses[][][] \T1/ptm/m/n/10 or [][]\T1/zi4/m/n/10 readJu
nctionSeqCounts[][][]\T1/ptm/m/n/10 . 
[34]
Overfull \hbox (30.4809pt too wide) in paragraph at lines 1902--1902
 []\T1/zi4/m/n/9 gff.file <- system.file("extdata/cts/withNovel.forJunctionSeq.
gff.gz",package="JctSeqExData2");[] 
(c:/texlive/2014/texmf-dist/tex/latex/base/utf8.def)
Overfull \hbox (59.6178pt too wide) in paragraph at lines 1913--1915
[]\T1/ptm/m/n/10 This func-tion loads read-count data (usu-ally pro-duced by Qo
RTs) and com-piles them into a \T1/zi4/m/n/10 JunctionSeqCountSet

Overfull \hbox (98.78088pt too wide) in paragraph at lines 1935--1935
 []    \T1/zi4/m/n/10 method.countVectors = c("geneLevelCounts","sumOfAllBinsFo
rGene","sumOfAllBinsOfSameTypeForGene")[] 
[35]
Overfull \hbox (4.77821pt too wide) in paragraph at lines 1978--1982
[]\T1/ptm/m/n/10 Character string. One of "junc-tion-sAndEx-ons", "junc-tion-sO
nly", or "ex-on-sOnly".

Overfull \hbox (1.99771pt too wide) in paragraph at lines 1999--2000
\T1/ptm/m/n/10 to anal-y-sis. Note: this is overid-den if use.junctions is \T1/
zi4/m/n/10 FALSE \T1/ptm/m/n/10 or if \T1/zi4/m/n/10 analysis.type
[36]
Overfull \hbox (25.9809pt too wide) in paragraph at lines 2034--2034
 []\T1/zi4/m/n/9 decoder.file <- system.file("extdata/annoFiles/decoder.bySampl
e.txt",package="JctSeqExData2");[] 

Overfull \hbox (30.4809pt too wide) in paragraph at lines 2038--2038
 []\T1/zi4/m/n/9 gff.file <- system.file("extdata/cts/withNovel.forJunctionSeq.
gff.gz",package="JctSeqExData2");[] 
(c:/texlive/2014/texmf-dist/tex/latex/base/utf8.def)
Overfull \hbox (35.68677pt too wide) in paragraph at lines 2061--2067
[]\T1/ptm/m/n/10 This func-tion runs a com-plete anal-y-sis from start to fin-i
sh. It in-ter-nally calls func-tions [][]\T1/zi4/m/n/10 readAnnotationData[][][
]\T1/ptm/m/n/10 ,

Overfull \hbox (21.32092pt too wide) in paragraph at lines 2061--2067
[][]\T1/zi4/m/n/10 readJunctionSeqCounts[][][]\T1/ptm/m/n/10 , [][]\T1/zi4/m/n/
10 estimateJunctionSeqSizeFactors[][][]\T1/ptm/m/n/10 , [][]\T1/zi4/m/n/10 esti
mateJunctionSeqDispersions[][][]\T1/ptm/m/n/10 ,
[37]
Overfull \hbox (31.78088pt too wide) in paragraph at lines 2086--2086
 []     \T1/zi4/m/n/10 method.GLM = c(c("advanced","DESeq2-style"), c("simpleML
","DEXSeq-v1.8.0-style")),[] 

Overfull \hbox (107.78088pt too wide) in paragraph at lines 2090--2090
 []     \T1/zi4/m/n/10 method.countVectors = c("geneLevelCounts","sumOfAllBinsF
orGene","sumOfAllBinsOfSameTypeForGene"),[] 

Overfull \hbox (12.78088pt too wide) in paragraph at lines 2091--2091
 []     \T1/zi4/m/n/10 method.expressionEstimation = c("feature-vs-gene","featu
re-vs-otherFeatures"),[] 

Overfull \hbox (4.77821pt too wide) in paragraph at lines 2121--2125
[]\T1/ptm/m/n/10 Character string. One of "junc-tion-sAndEx-ons", "junc-tion-sO
nly", or "ex-on-sOnly".
[38]
Overfull \hbox (1.99771pt too wide) in paragraph at lines 2173--2174
\T1/ptm/m/n/10 to anal-y-sis. Note: this is overid-den if use.junctions is \T1/
zi4/m/n/10 FALSE \T1/ptm/m/n/10 or if \T1/zi4/m/n/10 analysis.type
[39]
Overfull \hbox (0.46881pt too wide) in paragraph at lines 2193--2197
\T1/ptm/m/n/10 per-sion es-ti-ma-tion method-ol-ogy used by DE-Seq2 and DEXSeq 
v1.12.0 or higher
[40]
Overfull \hbox (8.29675pt too wide) in paragraph at lines 2242--2245
\T1/ptm/m/n/10 splice junc-tions are be-ing tested si-mul-tan-iously, this pa-r
am-e-ter de-ter-mines whether

Overfull \hbox (7.40805pt too wide) in paragraph at lines 2259--2263
[]\T1/ptm/m/n/10 This vari-able ac-ti-vates an al-ter-na-tive mode in which a (
very mi-nor) bug in DEXSeq
[41]
Overfull \hbox (25.9809pt too wide) in paragraph at lines 2278--2278
 []\T1/zi4/m/n/9 decoder.file <- system.file("extdata/annoFiles/decoder.bySampl
e.txt",package="JctSeqExData2");[] 

Overfull \hbox (30.4809pt too wide) in paragraph at lines 2282--2282
 []\T1/zi4/m/n/9 gff.file <- system.file("extdata/cts/withNovel.forJunctionSeq.
gff.gz",package="JctSeqExData2");[] 
(c:/texlive/2014/texmf-dist/tex/latex/base/utf8.def)
Overfull \hbox (51.78088pt too wide) in paragraph at lines 2318--2318
 []          \T1/zi4/m/n/10 method.GLM = c(c("advanced","DESeq2-style"), c("sim
pleML","DEXSeq-v1.8.0-style")),[] 

Overfull \hbox (7.76886pt too wide) in paragraph at lines 2333--2337
[]\T1/ptm/m/n/10 A \T1/zi4/m/n/10 JunctionSeqCountSet\T1/ptm/m/n/10 . Usu-ally 
ini-tially cre-ated by [][]\T1/zi4/m/n/10 readJunctionSeqCounts[][][]\T1/ptm/m/
n/10 .

Overfull \hbox (85.76796pt too wide) in paragraph at lines 2333--2337
\T1/ptm/m/n/10 Dis-per-sions and size fac-tors must be set, usu-ally us-ing fun
c-tions [][]\T1/zi4/m/n/10 estimateJunctionSeqSizeFactors[][][]
[42] [43]
Overfull \hbox (25.9809pt too wide) in paragraph at lines 2397--2397
 []\T1/zi4/m/n/9 decoder.file <- system.file("extdata/annoFiles/decoder.bySampl
e.txt",package="JctSeqExData2");[] 

Overfull \hbox (30.4809pt too wide) in paragraph at lines 2401--2401
 []\T1/zi4/m/n/9 gff.file <- system.file("extdata/cts/withNovel.forJunctionSeq.
gff.gz",package="JctSeqExData2");[] 
(c:/texlive/2014/texmf-dist/tex/latex/base/utf8.def)
Overfull \hbox (26.78088pt too wide) in paragraph at lines 2448--2448
 []                    \T1/zi4/m/n/10 plot.exons = TRUE, plot.junctions = TRUE,
 plot.novel.junctions = TRUE,[] 
[44]
Overfull \hbox (22.78088pt too wide) in paragraph at lines 2464--2464
 []                   \T1/zi4/m/n/10 plot.exons = TRUE, plot.junctions = TRUE, 
plot.novel.junctions = TRUE,[] 
[45]
Overfull \hbox (25.9809pt too wide) in paragraph at lines 2563--2563
 []\T1/zi4/m/n/9 decoder.file <- system.file("extdata/annoFiles/decoder.bySampl
e.txt",package="JctSeqExData2");[] 

Overfull \hbox (30.4809pt too wide) in paragraph at lines 2567--2567
 []\T1/zi4/m/n/9 gff.file <- system.file("extdata/cts/withNovel.forJunctionSeq.
gff.gz",package="JctSeqExData2");[] 
[46] (c:/texlive/2014/texmf-dist/tex/latex/base/utf8.def) [47]
Overfull \hbox (2.21857pt too wide) in paragraph at lines 2643--2644
[]\T1/ptm/m/n/10 Logical. Whether to the en-tire \T1/zi4/m/n/10 JunctionSeqCoun
tSet \T1/ptm/m/n/10 ob-ject. De-fault is FALSE. 

Overfull \hbox (25.9809pt too wide) in paragraph at lines 2664--2664
 []\T1/zi4/m/n/9 decoder.file <- system.file("extdata/annoFiles/decoder.bySampl
e.txt",package="JctSeqExData2");[] 

Overfull \hbox (30.4809pt too wide) in paragraph at lines 2668--2668
 []\T1/zi4/m/n/9 gff.file <- system.file("extdata/cts/withNovel.forJunctionSeq.
gff.gz",package="JctSeqExData2");[] 
(./Rd2.ind [48]

LaTeX Font Warning: Font shape `T1/zi4/m/it' undefined
(Font)              using `T1/zi4/m/n' instead on input line 81.


Overfull \hbox (10.01662pt too wide) in paragraph at lines 170--172
\T1/ptm/m/it/10 (\T1/zi4/m/it/10 estimateJunctionSeqSizeFactors\T1/ptm/m/it/10 
)\T1/ptm/m/n/10 , 
[49]) (./Rd2.aux)

Package rerunfilecheck Warning: File `Rd2.out' has changed.
(rerunfilecheck)                Rerun to get outlines right
(rerunfilecheck)                or use package `bookmark'.


LaTeX Font Warning: Some font shapes were not available, defaults substituted.

 )
(see the transcript file for additional information)pdfTeX warning (dest): name
{Rfn.text} has been referenced but does not exist, replaced by a fixed one

pdfTeX warning (dest): name{Rfn.points} has been referenced but does not exist,
 replaced by a fixed one

pdfTeX warning (dest): name{Rfn.axis} has been referenced but does not exist, r
eplaced by a fixed one

pdfTeX warning (dest): name{Rfn.box} has been referenced but does not exist, re
placed by a fixed one

pdfTeX warning (dest): name{Rfn.lines} has been referenced but does not exist, 
replaced by a fixed one

pdfTeX warning (dest): name{Rfn.Versioned.Rdash.class} has been referenced but 
does not exist, replaced by a fixed one

pdfTeX warning (dest): name{Rfn.VersionedBiobase.Rdash.class} has been referenc
ed but does not exist, replaced by a fixed one

pdfTeX warning (dest): name{Rfn.eSet.Rdash.class} has been referenced but does 
not exist, replaced by a fixed one

pdfTeX warning (dest): name{Rfn.graphical\040parameters} has been referenced bu
t does not exist, replaced by a fixed one

pdfTeX warning (dest): name{Rfn.par} has been referenced but does not exist, re
placed by a fixed one

pdfTeX warning (dest): name{Rfn.estimateSizeFactors} has been referenced but do
es not exist, replaced by a fixed one

{c:/texlive/2014/texmf-dist/fonts/enc/dvips/base/8r.enc}{c:/texlive/2014/texmf-
dist/fonts/enc/dvips/inconsolata/i4-t1-0.enc}<c:/texlive/2014/texmf-dist/fonts/
type1/public/inconsolata/Inconsolata-zi4r.pfb><c:/texlive/2014/texmf-dist/fonts
/type1/public/amsfonts/cm/cmsy10.pfb><c:/texlive/2014/texmf-dist/fonts/type1/ur
w/helvetic/uhvr8a.pfb><c:/texlive/2014/texmf-dist/fonts/type1/urw/times/utmb8a.
pfb><c:/texlive/2014/texmf-dist/fonts/type1/urw/times/utmr8a.pfb><c:/texlive/20
14/texmf-dist/fonts/type1/urw/times/utmr8a.pfb><c:/texlive/2014/texmf-dist/font
s/type1/urw/times/utmri8a.pfb>
Output written on Rd2.pdf (49 pages, 200004 bytes).
Transcript written on Rd2.log.
This is makeindex, version 2.15 [TeX Live 2010] (kpathsea + Thai support).
Scanning input file Rd2.idx....done (151 entries accepted, 0 rejected).
Sorting entries....done (1195 comparisons).
Generating output file Rd2.ind....done (171 lines written, 1 warning).
Output written in Rd2.ind.
Transcript written in Rd2.ilg.
This is pdfTeX, Version 3.14159265-2.6-1.40.15 (TeX Live 2014/W32TeX) (preloaded format=pdflatex)
 restricted \write18 enabled.
entering extended mode
(./Rd2.tex
LaTeX2e <2014/05/01>
Babel <3.9k> and hyphenation patterns for 79 languages loaded.

(c:/texlive/2014/texmf-dist/tex/latex/base/book.cls
Document Class: book 2007/10/19 v1.4h Standard LaTeX document class
(c:/texlive/2014/texmf-dist/tex/latex/base/bk10.clo))
(c:/PROGRA~1/R/R-3.2.2/share/texmf/tex/latex/Rd.sty
(c:/texlive/2014/texmf-dist/tex/latex/base/ifthen.sty)
(c:/texlive/2014/texmf-dist/tex/latex/tools/longtable.sty)
(c:/texlive/2014/texmf-dist/tex/latex/tools/bm.sty)
(c:/texlive/2014/texmf-dist/tex/latex/base/alltt.sty)
(c:/texlive/2014/texmf-dist/tex/latex/tools/verbatim.sty)
(c:/texlive/2014/texmf-dist/tex/latex/url/url.sty)
(c:/texlive/2014/texmf-dist/tex/latex/base/textcomp.sty
(c:/texlive/2014/texmf-dist/tex/latex/base/ts1enc.def))
(c:/texlive/2014/texmf-dist/tex/latex/base/fontenc.sty
(c:/texlive/2014/texmf-dist/tex/latex/base/t1enc.def))
(c:/texlive/2014/texmf-dist/tex/latex/psnfss/times.sty)
(c:/texlive/2014/texmf-dist/tex/latex/inconsolata/zi4.sty
`inconsolata-zi4' v1.05, 2014/06/22 Text macros for Inconsolata (msharpe)
(c:/texlive/2014/texmf-dist/tex/latex/graphics/keyval.sty))
(c:/texlive/2014/texmf-dist/tex/latex/graphics/color.sty
(c:/texlive/2014/texmf-dist/tex/latex/latexconfig/color.cfg)
(c:/texlive/2014/texmf-dist/tex/latex/pdftex-def/pdftex.def
(c:/texlive/2014/texmf-dist/tex/generic/oberdiek/infwarerr.sty)
(c:/texlive/2014/texmf-dist/tex/generic/oberdiek/ltxcmds.sty)))
(c:/texlive/2014/texmf-dist/tex/latex/hyperref/hyperref.sty
(c:/texlive/2014/texmf-dist/tex/generic/oberdiek/hobsub-hyperref.sty
(c:/texlive/2014/texmf-dist/tex/generic/oberdiek/hobsub-generic.sty))
(c:/texlive/2014/texmf-dist/tex/generic/ifxetex/ifxetex.sty)
(c:/texlive/2014/texmf-dist/tex/latex/oberdiek/auxhook.sty)
(c:/texlive/2014/texmf-dist/tex/latex/oberdiek/kvoptions.sty)
(c:/texlive/2014/texmf-dist/tex/latex/hyperref/pd1enc.def)
(c:/texlive/2014/texmf-dist/tex/latex/latexconfig/hyperref.cfg))

Package hyperref Message: Driver (autodetected): hpdftex.

(c:/texlive/2014/texmf-dist/tex/latex/hyperref/hpdftex.def
(c:/texlive/2014/texmf-dist/tex/latex/oberdiek/rerunfilecheck.sty))

Package hyperref Warning: Option `hyperindex' has already been used,
(hyperref)                setting the option has no effect on input line 366.


Package hyperref Warning: Option `pagebackref' has already been used,
(hyperref)                setting the option has no effect on input line 366.

) (c:/texlive/2014/texmf-dist/tex/latex/base/makeidx.sty)
(c:/texlive/2014/texmf-dist/tex/latex/base/inputenc.sty
(c:/texlive/2014/texmf-dist/tex/latex/base/utf8.def
(c:/texlive/2014/texmf-dist/tex/latex/base/t1enc.dfu)
(c:/texlive/2014/texmf-dist/tex/latex/base/ot1enc.dfu)
(c:/texlive/2014/texmf-dist/tex/latex/base/omsenc.dfu)
(c:/texlive/2014/texmf-dist/tex/latex/base/ts1enc.dfu))
(c:/texlive/2014/texmf-dist/tex/latex/base/latin1.def))
Writing index file Rd2.idx
(./Rd2.aux) (c:/texlive/2014/texmf-dist/tex/latex/base/ts1cmr.fd)
(c:/texlive/2014/texmf-dist/tex/latex/psnfss/t1ptm.fd)
(c:/texlive/2014/texmf-dist/tex/context/base/supp-pdf.mkii
[Loading MPS to PDF converter (version 2006.09.02).]
) (c:/texlive/2014/texmf-dist/tex/latex/hyperref/nameref.sty
(c:/texlive/2014/texmf-dist/tex/generic/oberdiek/gettitlestring.sty))
(./Rd2.out) (./Rd2.out)
(c:/texlive/2014/texmf-dist/tex/latex/inconsolata/t1zi4.fd)
(c:/texlive/2014/texmf-dist/tex/latex/psnfss/ts1ptm.fd)
(c:/texlive/2014/texmf-dist/tex/latex/psnfss/t1phv.fd) (./Rd2.toc [1{c:/texlive
/2014/texmf-var/fonts/map/pdftex/updmap/pdftex.map}])
(c:/texlive/2014/texmf-dist/tex/latex/base/utf8.def)
Overfull \hbox (10.78088pt too wide) in paragraph at lines 64--64
 []                \T1/zi4/m/n/10 method.selectionCriterion = c("feature-pAdjus
t", "genewise-pAdjust"),[] 

Overfull \hbox (41.78088pt too wide) in paragraph at lines 65--65
 []                \T1/zi4/m/n/10 use.plotting.device = c("png","CairoPNG","svg
","tiff","cairo_ps","custom"),[] 

Overfull \hbox (16.78088pt too wide) in paragraph at lines 77--77
 []                \T1/zi4/m/n/10 plot.exon.results, plot.junction.results, plo
t.novel.junction.results,[] 
[2]
Overfull \hbox (47.78088pt too wide) in paragraph at lines 79--79
 []                \T1/zi4/m/n/10 plot.lwd=3, axes.lwd = plot.lwd, anno.lwd = p
lot.lwd, gene.lwd = plot.lwd / 2,[] 

Overfull \hbox (150.78088pt too wide) in paragraph at lines 80--80
 []                \T1/zi4/m/n/10 par.cex = 1, anno.cex.text = 1, anno.cex.axis
 = anno.cex.text, anno.cex.main = anno.cex.text * 1.2,[] 
[3]
Overfull \hbox (106.71681pt too wide) in paragraph at lines 165--166
[]\T1/ptm/m/n/10 A named list of R col-ors, set-ting the col-ors used for var-i
-ous things. See [][]\T1/zi4/m/n/10 plotJunctionSeqResultsForGene[][][] 
[4] [5] [6]
Overfull \hbox (33.28886pt too wide) in paragraph at lines 292--299
\T1/ptm/m/n/10 must be a sub-directory of the same par-ent di-rec-tory. The \T1
/zi4/m/n/10 html.compare.results.list

Overfull \hbox (17.94876pt too wide) in paragraph at lines 292--299
\T1/ptm/m/n/10 must be a named list of these sub-di-rec-to-ries. \T1/zi4/m/n/10
 names(html.compare.results.list)

Overfull \hbox (48.57968pt too wide) in paragraph at lines 310--311
[]\T1/ptm/m/n/10 Additional op-tions to pass to [][]\T1/zi4/m/n/10 buildAllPlot
sForGene[][][]\T1/ptm/m/n/10 , [][]\T1/zi4/m/n/10 plotJunctionSeqResultsForGene
[][][]\T1/ptm/m/n/10 ,

Overfull \hbox (25.9809pt too wide) in paragraph at lines 323--323
 []\T1/zi4/m/n/9 decoder.file <- system.file("extdata/annoFiles/decoder.bySampl
e.txt",package="JctSeqExData2");[] 
[7]
Overfull \hbox (30.4809pt too wide) in paragraph at lines 327--327
 []\T1/zi4/m/n/9 gff.file <- system.file("extdata/cts/withNovel.forJunctionSeq.
gff.gz",package="JctSeqExData2");[] 
(c:/texlive/2014/texmf-dist/tex/latex/base/utf8.def)
Overfull \hbox (2.39955pt too wide) in paragraph at lines 354--357
\T1/ptm/m/n/10 par-tic-u-lar gene. The pa-ram-e-ters \T1/zi4/m/n/10 expr.plot\T
1/ptm/m/n/10 , \T1/zi4/m/n/10 normCounts.plot\T1/ptm/m/n/10 , \T1/zi4/m/n/10 rE
xpr.plot\T1/ptm/m/n/10 , and \T1/zi4/m/n/10 rawCounts.plot

Overfull \hbox (61.78088pt too wide) in paragraph at lines 366--366
 []                     \T1/zi4/m/n/10 use.plotting.device = c("png","CairoPNG"
,"svg","tiff","cairo_ps","custom"),[] 
[8]
Overfull \hbox (36.78088pt too wide) in paragraph at lines 376--376
 []                     \T1/zi4/m/n/10 plot.exon.results, plot.junction.results
, plot.novel.junction.results,[] 

Overfull \hbox (67.78088pt too wide) in paragraph at lines 378--378
 []                     \T1/zi4/m/n/10 plot.lwd=3, axes.lwd = plot.lwd, anno.lw
d = plot.lwd, gene.lwd = plot.lwd / 2,[] 

Overfull \hbox (16.78088pt too wide) in paragraph at lines 381--381
 []                     \T1/zi4/m/n/10 anno.cex.axis = anno.cex.text, anno.cex.
main = anno.cex.text * 1.2,[] 
[9]
Overfull \hbox (106.71681pt too wide) in paragraph at lines 441--442
[]\T1/ptm/m/n/10 A named list of R col-ors, set-ting the col-ors used for var-i
-ous things. See [][]\T1/zi4/m/n/10 plotJunctionSeqResultsForGene[][][] 
[10] [11] [12]
Overfull \hbox (25.9809pt too wide) in paragraph at lines 565--565
 []\T1/zi4/m/n/9 decoder.file <- system.file("extdata/annoFiles/decoder.bySampl
e.txt",package="JctSeqExData2");[] 

Overfull \hbox (30.4809pt too wide) in paragraph at lines 569--569
 []\T1/zi4/m/n/9 gff.file <- system.file("extdata/cts/withNovel.forJunctionSeq.
gff.gz",package="JctSeqExData2");[] 
(c:/texlive/2014/texmf-dist/tex/latex/base/utf8.def)
Overfull \hbox (0.60727pt too wide) in paragraph at lines 619--620
[]\T1/zi4/m/n/10 NOSIG.FEATURE.COLOR \T1/ptm/m/n/10 The color of ver-ti-cal lin
es in the plot-ting panel, for tested but non-significant
[13]
Overfull \hbox (184.56078pt too wide) in paragraph at lines 627--629
[]\T1/zi4/m/n/10 SIG.FEATURE.BORDER.COLOR, NOSIG.FEATURE.BORDER.COLOR, UNTESTAB
LE.FEATURE.BORDER.COLOR, EXCLUDED.FEATURE.BORDER.COLOR\T1/ptm/m/n/10 :

Overfull \hbox (141.78088pt too wide) in paragraph at lines 630--632
[]\T1/zi4/m/n/10 SIG.FEATURE.FILL.COLOR, NOSIG.FEATURE.FILL.COLOR, UNTESTABLE.F
EATURE.FILL.COLOR, EXCLUDED.FEATURE.FILL.COLOR
(c:/texlive/2014/texmf-dist/tex/latex/base/utf8.def)
Overfull \hbox (24.78088pt too wide) in paragraph at lines 667--667
 []        \T1/zi4/m/n/10 method.expressionEstimation = c("feature-vs-gene","fe
ature-vs-otherFeatures"),[] 
[14]
Overfull \hbox (7.76886pt too wide) in paragraph at lines 681--685
[]\T1/ptm/m/n/10 A \T1/zi4/m/n/10 JunctionSeqCountSet\T1/ptm/m/n/10 . Usu-ally 
ini-tially cre-ated by [][]\T1/zi4/m/n/10 readJunctionSeqCounts[][][]\T1/ptm/m/
n/10 .
[15]
Overfull \hbox (25.9809pt too wide) in paragraph at lines 744--744
 []\T1/zi4/m/n/9 decoder.file <- system.file("extdata/annoFiles/decoder.bySampl
e.txt",package="JctSeqExData2");[] 

Overfull \hbox (30.4809pt too wide) in paragraph at lines 748--748
 []\T1/zi4/m/n/9 gff.file <- system.file("extdata/cts/withNovel.forJunctionSeq.
gff.gz",package="JctSeqExData2");[] 
(c:/texlive/2014/texmf-dist/tex/latex/base/utf8.def) [16]
Overfull \hbox (43.78088pt too wide) in paragraph at lines 795--795
 []        \T1/zi4/m/n/10 method.GLM = c(c("advanced","DESeq2-style"), c("simpl
eML","DEXSeq-v1.8.0-style")),[] 

Overfull \hbox (7.76886pt too wide) in paragraph at lines 808--812
[]\T1/ptm/m/n/10 A \T1/zi4/m/n/10 JunctionSeqCountSet\T1/ptm/m/n/10 . Usu-ally 
ini-tially cre-ated by [][]\T1/zi4/m/n/10 readJunctionSeqCounts[][][]\T1/ptm/m/
n/10 .

Overfull \hbox (0.46881pt too wide) in paragraph at lines 816--820
\T1/ptm/m/n/10 per-sion es-ti-ma-tion method-ol-ogy used by DE-Seq2 and DEXSeq 
v1.12.0 or higher
[17]
Overfull \hbox (25.9809pt too wide) in paragraph at lines 859--859
 []\T1/zi4/m/n/9 decoder.file <- system.file("extdata/annoFiles/decoder.bySampl
e.txt",package="JctSeqExData2");[] 

Overfull \hbox (30.4809pt too wide) in paragraph at lines 863--863
 []\T1/zi4/m/n/9 gff.file <- system.file("extdata/cts/withNovel.forJunctionSeq.
gff.gz",package="JctSeqExData2");[] 
[18] (c:/texlive/2014/texmf-dist/tex/latex/base/utf8.def)
Overfull \hbox (7.76886pt too wide) in paragraph at lines 931--935
[]\T1/ptm/m/n/10 A \T1/zi4/m/n/10 JunctionSeqCountSet\T1/ptm/m/n/10 . Usu-ally 
ini-tially cre-ated by [][]\T1/zi4/m/n/10 readJunctionSeqCounts[][][]\T1/ptm/m/
n/10 .

Overfull \hbox (7.40805pt too wide) in paragraph at lines 945--949
[]\T1/ptm/m/n/10 This vari-able ac-ti-vates an al-ter-na-tive mode in which a (
very mi-nor) bug in DEXSeq
[19]
Overfull \hbox (25.9809pt too wide) in paragraph at lines 976--976
 []\T1/zi4/m/n/9 decoder.file <- system.file("extdata/annoFiles/decoder.bySampl
e.txt",package="JctSeqExData2");[] 

Overfull \hbox (30.4809pt too wide) in paragraph at lines 980--980
 []\T1/zi4/m/n/9 gff.file <- system.file("extdata/cts/withNovel.forJunctionSeq.
gff.gz",package="JctSeqExData2");[] 
(c:/texlive/2014/texmf-dist/tex/latex/base/utf8.def) [20]
Overfull \hbox (27.78088pt too wide) in paragraph at lines 1027--1027
 []    \T1/zi4/m/n/10 method.GLM = c(c("advanced","DESeq2-style"), c("simpleML"
,"DEXSeq-v1.8.0-style")),[] 

Overfull \hbox (7.76886pt too wide) in paragraph at lines 1038--1042
[]\T1/ptm/m/n/10 A \T1/zi4/m/n/10 JunctionSeqCountSet\T1/ptm/m/n/10 . Usu-ally 
ini-tially cre-ated by [][]\T1/zi4/m/n/10 readJunctionSeqCounts[][][]\T1/ptm/m/
n/10 .

Overfull \hbox (0.46881pt too wide) in paragraph at lines 1046--1050
\T1/ptm/m/n/10 per-sion es-ti-ma-tion method-ol-ogy used by DE-Seq2 and DEXSeq 
v1.12.0 or higher

Overfull \hbox (8.29675pt too wide) in paragraph at lines 1063--1066
\T1/ptm/m/n/10 splice junc-tions are be-ing tested si-mul-tan-iously, this pa-r
am-e-ter de-ter-mines whether
[21]
Overfull \hbox (25.9809pt too wide) in paragraph at lines 1085--1085
 []\T1/zi4/m/n/9 decoder.file <- system.file("extdata/annoFiles/decoder.bySampl
e.txt",package="JctSeqExData2");[] 

Overfull \hbox (30.4809pt too wide) in paragraph at lines 1089--1089
 []\T1/zi4/m/n/9 gff.file <- system.file("extdata/cts/withNovel.forJunctionSeq.
gff.gz",package="JctSeqExData2");[] 
(c:/texlive/2014/texmf-dist/tex/latex/base/utf8.def) [22] [23]
Overfull \hbox (901.56078pt too wide) in paragraph at lines 1231--1233
[]\T1/zi4/m/n/10 newJunctionSeqCountSet( countData,                            
  geneCountData,                              design,                          
    geneIDs,                              countbinIDs,                         
     featureIntervals=NULL,                              transcripts=NULL)\T1/p
tm/m/n/10 :

Overfull \hbox (5.63742pt too wide) in paragraph at lines 1269--1271
[]\T1/ptm/m/n/10 Optional. A data.frame with 4 columns: "chr", "start", "end", 
and "strand".

Overfull \hbox (5.538pt too wide) in paragraph at lines 1290--1293
[]\T1/ptm/m/n/10 Class \T1/zi4/m/n/10 "[][]eSet[][][]"\T1/ptm/m/n/10 , di-rectl
y. Class \T1/zi4/m/n/10 "[][]VersionedBiobase[][][]"\T1/ptm/m/n/10 , by class "
eSet", dis-tance 2. Class \T1/zi4/m/n/10 "[][]Versioned[][][]"\T1/ptm/m/n/10 ,
[24]
Overfull \hbox (61.60887pt too wide) in paragraph at lines 1308--1310
[]\T1/ptm/m/n/10 The proper way to cre-ate a Junc-tion-Se-q-CountSet is to use 
[][]\T1/zi4/m/n/10 readJunctionSeqCounts[][][] \T1/ptm/m/n/10 or [][]\T1/zi4/m/
n/10 runJunctionSeqAnalyses[][][]\T1/ptm/m/n/10 . 
(c:/texlive/2014/texmf-dist/tex/latex/base/utf8.def)
Overfull \hbox (35.99806pt too wide) in paragraph at lines 1351--1356
\T1/ptm/m/n/10 per-sions and size fac-tors must then be set, usu-ally us-ing fu
nc-tions [][]\T1/zi4/m/n/10 estimateSizeFactors[][][]
[25]
Overfull \hbox (25.9809pt too wide) in paragraph at lines 1444--1444
 []\T1/zi4/m/n/9 decoder.file <- system.file("extdata/annoFiles/decoder.bySampl
e.txt",package="JctSeqExData2");[] 
[26]
Overfull \hbox (30.4809pt too wide) in paragraph at lines 1448--1448
 []\T1/zi4/m/n/9 gff.file <- system.file("extdata/cts/withNovel.forJunctionSeq.
gff.gz",package="JctSeqExData2");[] 
(c:/texlive/2014/texmf-dist/tex/latex/base/utf8.def)
Overfull \hbox (134.78088pt too wide) in paragraph at lines 1488--1488
 []                              \T1/zi4/m/n/10 exon.rescale.factor = 0.3, exon
RescaleFunction = c("sqrt","log","linear","34root"),[] 

Overfull \hbox (107.78088pt too wide) in paragraph at lines 1490--1490
 []                              \T1/zi4/m/n/10 plot.lwd = 3,axes.lwd = plot.lw
d, anno.lwd = plot.lwd, gene.lwd = plot.lwd / 2,[] 

Overfull \hbox (44.78088pt too wide) in paragraph at lines 1492--1492
 []                              \T1/zi4/m/n/10 anno.cex.axis=anno.cex.text, an
no.cex.main = anno.cex.text * 1.2,[] 

Overfull \hbox (66.78088pt too wide) in paragraph at lines 1494--1494
 []                              \T1/zi4/m/n/10 fit.countbin.names = TRUE, fit.
genomic.axis = TRUE, fit.labels = TRUE,[] 
[27]
Overfull \hbox (72.78088pt too wide) in paragraph at lines 1496--1496
 []                              \T1/zi4/m/n/10 plot.exon.results, plot.junctio
n.results, plot.novel.junction.results,[] 

Overfull \hbox (54.78088pt too wide) in paragraph at lines 1497--1497
 []                              \T1/zi4/m/n/10 plot.untestable.results = FALSE
, draw.untestable.annotation = TRUE,[] 

Overfull \hbox (107.78088pt too wide) in paragraph at lines 1512--1512
 []                              \T1/zi4/m/n/10 splice.junction.drawing.style =
 c("hyperbola","ellipse","triangular","line"),[] 

Overfull \hbox (76.71681pt too wide) in paragraph at lines 1547--1548
[]\T1/ptm/m/n/10 A named list of R col-ors, set-ting the col-ors used for var-i
-ous things. See \T1/zi4/m/n/10 link{junctionSeqColors}
[28] [29] [30]
Overfull \hbox (25.9809pt too wide) in paragraph at lines 1687--1687
 []\T1/zi4/m/n/9 decoder.file <- system.file("extdata/annoFiles/decoder.bySampl
e.txt",package="JctSeqExData2");[] 

Overfull \hbox (30.4809pt too wide) in paragraph at lines 1691--1691
 []\T1/zi4/m/n/9 gff.file <- system.file("extdata/cts/withNovel.forJunctionSeq.
gff.gz",package="JctSeqExData2");[] 
[31] (c:/texlive/2014/texmf-dist/tex/latex/base/utf8.def) [32] [33]
Overfull \hbox (25.9809pt too wide) in paragraph at lines 1844--1844
 []\T1/zi4/m/n/9 decoder.file <- system.file("extdata/annoFiles/decoder.bySampl
e.txt",package="JctSeqExData2");[] 

Overfull \hbox (30.4809pt too wide) in paragraph at lines 1848--1848
 []\T1/zi4/m/n/9 gff.file <- system.file("extdata/cts/withNovel.forJunctionSeq.
gff.gz",package="JctSeqExData2");[] 
(c:/texlive/2014/texmf-dist/tex/latex/base/utf8.def)
Overfull \hbox (20.16928pt too wide) in paragraph at lines 1874--1878
\T1/ptm/m/n/10 used by the end-user, but is called in-ter-nally by [][]\T1/zi4/
m/n/10 runJunctionSeqAnalyses[][][] \T1/ptm/m/n/10 or [][]\T1/zi4/m/n/10 readJu
nctionSeqCounts[][][]\T1/ptm/m/n/10 . 
[34]
Overfull \hbox (30.4809pt too wide) in paragraph at lines 1902--1902
 []\T1/zi4/m/n/9 gff.file <- system.file("extdata/cts/withNovel.forJunctionSeq.
gff.gz",package="JctSeqExData2");[] 
(c:/texlive/2014/texmf-dist/tex/latex/base/utf8.def)
Overfull \hbox (59.6178pt too wide) in paragraph at lines 1913--1915
[]\T1/ptm/m/n/10 This func-tion loads read-count data (usu-ally pro-duced by Qo
RTs) and com-piles them into a \T1/zi4/m/n/10 JunctionSeqCountSet

Overfull \hbox (98.78088pt too wide) in paragraph at lines 1935--1935
 []    \T1/zi4/m/n/10 method.countVectors = c("geneLevelCounts","sumOfAllBinsFo
rGene","sumOfAllBinsOfSameTypeForGene")[] 
[35]
Overfull \hbox (4.77821pt too wide) in paragraph at lines 1978--1982
[]\T1/ptm/m/n/10 Character string. One of "junc-tion-sAndEx-ons", "junc-tion-sO
nly", or "ex-on-sOnly".

Overfull \hbox (1.99771pt too wide) in paragraph at lines 1999--2000
\T1/ptm/m/n/10 to anal-y-sis. Note: this is overid-den if use.junctions is \T1/
zi4/m/n/10 FALSE \T1/ptm/m/n/10 or if \T1/zi4/m/n/10 analysis.type
[36]
Overfull \hbox (25.9809pt too wide) in paragraph at lines 2034--2034
 []\T1/zi4/m/n/9 decoder.file <- system.file("extdata/annoFiles/decoder.bySampl
e.txt",package="JctSeqExData2");[] 

Overfull \hbox (30.4809pt too wide) in paragraph at lines 2038--2038
 []\T1/zi4/m/n/9 gff.file <- system.file("extdata/cts/withNovel.forJunctionSeq.
gff.gz",package="JctSeqExData2");[] 
(c:/texlive/2014/texmf-dist/tex/latex/base/utf8.def)
Overfull \hbox (35.68677pt too wide) in paragraph at lines 2061--2067
[]\T1/ptm/m/n/10 This func-tion runs a com-plete anal-y-sis from start to fin-i
sh. It in-ter-nally calls func-tions [][]\T1/zi4/m/n/10 readAnnotationData[][][
]\T1/ptm/m/n/10 ,

Overfull \hbox (21.32092pt too wide) in paragraph at lines 2061--2067
[][]\T1/zi4/m/n/10 readJunctionSeqCounts[][][]\T1/ptm/m/n/10 , [][]\T1/zi4/m/n/
10 estimateJunctionSeqSizeFactors[][][]\T1/ptm/m/n/10 , [][]\T1/zi4/m/n/10 esti
mateJunctionSeqDispersions[][][]\T1/ptm/m/n/10 ,
[37]
Overfull \hbox (31.78088pt too wide) in paragraph at lines 2086--2086
 []     \T1/zi4/m/n/10 method.GLM = c(c("advanced","DESeq2-style"), c("simpleML
","DEXSeq-v1.8.0-style")),[] 

Overfull \hbox (107.78088pt too wide) in paragraph at lines 2090--2090
 []     \T1/zi4/m/n/10 method.countVectors = c("geneLevelCounts","sumOfAllBinsF
orGene","sumOfAllBinsOfSameTypeForGene"),[] 

Overfull \hbox (12.78088pt too wide) in paragraph at lines 2091--2091
 []     \T1/zi4/m/n/10 method.expressionEstimation = c("feature-vs-gene","featu
re-vs-otherFeatures"),[] 

Overfull \hbox (4.77821pt too wide) in paragraph at lines 2121--2125
[]\T1/ptm/m/n/10 Character string. One of "junc-tion-sAndEx-ons", "junc-tion-sO
nly", or "ex-on-sOnly".
[38]
Overfull \hbox (1.99771pt too wide) in paragraph at lines 2173--2174
\T1/ptm/m/n/10 to anal-y-sis. Note: this is overid-den if use.junctions is \T1/
zi4/m/n/10 FALSE \T1/ptm/m/n/10 or if \T1/zi4/m/n/10 analysis.type
[39]
Overfull \hbox (0.46881pt too wide) in paragraph at lines 2193--2197
\T1/ptm/m/n/10 per-sion es-ti-ma-tion method-ol-ogy used by DE-Seq2 and DEXSeq 
v1.12.0 or higher
[40]
Overfull \hbox (8.29675pt too wide) in paragraph at lines 2242--2245
\T1/ptm/m/n/10 splice junc-tions are be-ing tested si-mul-tan-iously, this pa-r
am-e-ter de-ter-mines whether

Overfull \hbox (7.40805pt too wide) in paragraph at lines 2259--2263
[]\T1/ptm/m/n/10 This vari-able ac-ti-vates an al-ter-na-tive mode in which a (
very mi-nor) bug in DEXSeq
[41]
Overfull \hbox (25.9809pt too wide) in paragraph at lines 2278--2278
 []\T1/zi4/m/n/9 decoder.file <- system.file("extdata/annoFiles/decoder.bySampl
e.txt",package="JctSeqExData2");[] 

Overfull \hbox (30.4809pt too wide) in paragraph at lines 2282--2282
 []\T1/zi4/m/n/9 gff.file <- system.file("extdata/cts/withNovel.forJunctionSeq.
gff.gz",package="JctSeqExData2");[] 
(c:/texlive/2014/texmf-dist/tex/latex/base/utf8.def)
Overfull \hbox (51.78088pt too wide) in paragraph at lines 2318--2318
 []          \T1/zi4/m/n/10 method.GLM = c(c("advanced","DESeq2-style"), c("sim
pleML","DEXSeq-v1.8.0-style")),[] 

Overfull \hbox (7.76886pt too wide) in paragraph at lines 2333--2337
[]\T1/ptm/m/n/10 A \T1/zi4/m/n/10 JunctionSeqCountSet\T1/ptm/m/n/10 . Usu-ally 
ini-tially cre-ated by [][]\T1/zi4/m/n/10 readJunctionSeqCounts[][][]\T1/ptm/m/
n/10 .

Overfull \hbox (85.76796pt too wide) in paragraph at lines 2333--2337
\T1/ptm/m/n/10 Dis-per-sions and size fac-tors must be set, usu-ally us-ing fun
c-tions [][]\T1/zi4/m/n/10 estimateJunctionSeqSizeFactors[][][]
[42] [43]
Overfull \hbox (25.9809pt too wide) in paragraph at lines 2397--2397
 []\T1/zi4/m/n/9 decoder.file <- system.file("extdata/annoFiles/decoder.bySampl
e.txt",package="JctSeqExData2");[] 

Overfull \hbox (30.4809pt too wide) in paragraph at lines 2401--2401
 []\T1/zi4/m/n/9 gff.file <- system.file("extdata/cts/withNovel.forJunctionSeq.
gff.gz",package="JctSeqExData2");[] 
(c:/texlive/2014/texmf-dist/tex/latex/base/utf8.def)
Overfull \hbox (26.78088pt too wide) in paragraph at lines 2448--2448
 []                    \T1/zi4/m/n/10 plot.exons = TRUE, plot.junctions = TRUE,
 plot.novel.junctions = TRUE,[] 
[44]
Overfull \hbox (22.78088pt too wide) in paragraph at lines 2464--2464
 []                   \T1/zi4/m/n/10 plot.exons = TRUE, plot.junctions = TRUE, 
plot.novel.junctions = TRUE,[] 
[45]
Overfull \hbox (25.9809pt too wide) in paragraph at lines 2563--2563
 []\T1/zi4/m/n/9 decoder.file <- system.file("extdata/annoFiles/decoder.bySampl
e.txt",package="JctSeqExData2");[] 

Overfull \hbox (30.4809pt too wide) in paragraph at lines 2567--2567
 []\T1/zi4/m/n/9 gff.file <- system.file("extdata/cts/withNovel.forJunctionSeq.
gff.gz",package="JctSeqExData2");[] 
[46] (c:/texlive/2014/texmf-dist/tex/latex/base/utf8.def) [47]
Overfull \hbox (2.21857pt too wide) in paragraph at lines 2643--2644
[]\T1/ptm/m/n/10 Logical. Whether to the en-tire \T1/zi4/m/n/10 JunctionSeqCoun
tSet \T1/ptm/m/n/10 ob-ject. De-fault is FALSE. 

Overfull \hbox (25.9809pt too wide) in paragraph at lines 2664--2664
 []\T1/zi4/m/n/9 decoder.file <- system.file("extdata/annoFiles/decoder.bySampl
e.txt",package="JctSeqExData2");[] 

Overfull \hbox (30.4809pt too wide) in paragraph at lines 2668--2668
 []\T1/zi4/m/n/9 gff.file <- system.file("extdata/cts/withNovel.forJunctionSeq.
gff.gz",package="JctSeqExData2");[] 
(./Rd2.ind [48]

LaTeX Font Warning: Font shape `T1/zi4/m/it' undefined
(Font)              using `T1/zi4/m/n' instead on input line 81.


Overfull \hbox (10.01662pt too wide) in paragraph at lines 168--170
\T1/ptm/m/it/10 (\T1/zi4/m/it/10 estimateJunctionSeqSizeFactors\T1/ptm/m/it/10 
)\T1/ptm/m/n/10 , 
[49]) (./Rd2.aux)

LaTeX Font Warning: Some font shapes were not available, defaults substituted.

 )
(see the transcript file for additional information)pdfTeX warning (dest): name
{Rfn.text} has been referenced but does not exist, replaced by a fixed one

pdfTeX warning (dest): name{Rfn.points} has been referenced but does not exist,
 replaced by a fixed one

pdfTeX warning (dest): name{Rfn.axis} has been referenced but does not exist, r
eplaced by a fixed one

pdfTeX warning (dest): name{Rfn.box} has been referenced but does not exist, re
placed by a fixed one

pdfTeX warning (dest): name{Rfn.lines} has been referenced but does not exist, 
replaced by a fixed one

pdfTeX warning (dest): name{Rfn.Versioned.Rdash.class} has been referenced but 
does not exist, replaced by a fixed one

pdfTeX warning (dest): name{Rfn.VersionedBiobase.Rdash.class} has been referenc
ed but does not exist, replaced by a fixed one

pdfTeX warning (dest): name{Rfn.eSet.Rdash.class} has been referenced but does 
not exist, replaced by a fixed one

pdfTeX warning (dest): name{Rfn.graphical\040parameters} has been referenced bu
t does not exist, replaced by a fixed one

pdfTeX warning (dest): name{Rfn.par} has been referenced but does not exist, re
placed by a fixed one

pdfTeX warning (dest): name{Rfn.estimateSizeFactors} has been referenced but do
es not exist, replaced by a fixed one

{c:/texlive/2014/texmf-dist/fonts/enc/dvips/base/8r.enc}{c:/texlive/2014/texmf-
dist/fonts/enc/dvips/inconsolata/i4-t1-0.enc}<c:/texlive/2014/texmf-dist/fonts/
type1/public/inconsolata/Inconsolata-zi4r.pfb><c:/texlive/2014/texmf-dist/fonts
/type1/public/amsfonts/cm/cmsy10.pfb><c:/texlive/2014/texmf-dist/fonts/type1/ur
w/helvetic/uhvr8a.pfb><c:/texlive/2014/texmf-dist/fonts/type1/urw/times/utmb8a.
pfb><c:/texlive/2014/texmf-dist/fonts/type1/urw/times/utmr8a.pfb><c:/texlive/20
14/texmf-dist/fonts/type1/urw/times/utmr8a.pfb><c:/texlive/2014/texmf-dist/font
s/type1/urw/times/utmri8a.pfb>
Output written on Rd2.pdf (49 pages, 200816 bytes).
Transcript written on Rd2.log.
Saving output to 'JunctionSeq-manual.pdf' ...
Done
You may want to clean up by 'rm -rf C:/Users/hartleys/AppData/Local/Temp/1/RtmpKQ2fUI/Rd2pdf296078a66b68'
