----- R CMD exDataCheck (Wed Nov 18 12:08:12 EST 2015)          -----
R version 3.2.2 (2015-08-14) -- "Fire Safety"
Copyright (C) 2015 The R Foundation for Statistical Computing
Platform: x86_64-pc-linux-gnu (64-bit)

R is free software and comes with ABSOLUTELY NO WARRANTY.
You are welcome to redistribute it under the terms of the
GNU General Public License versions 2 or 3.
For more information about these matters see
http://www.gnu.org/licenses/.

----- R CMD exDataCheck STARTING (Wed Nov 18 12:08:12 EST 2015) -----
* using log directory '/home/hartleys/UTILS/R/JSBuildRelease/JunctionSeq_0.6.7/JunctionSeq/vignettes/JctSeqExData2.Rcheck'
* using R version 3.2.2 (2015-08-14)
* using platform: x86_64-pc-linux-gnu (64-bit)
* using session charset: ASCII
* checking for file 'JctSeqExData2/DESCRIPTION' ... OK
* this is package 'JctSeqExData2' version '0.6.7'
* checking package namespace information ... OK
* checking package dependencies ... OK
* checking if this is a source package ... OK
* checking if there is a namespace ... OK
* checking for executable files ... OK
* checking for hidden files and directories ... OK
* checking for portable file names ... OK
* checking for sufficient/correct file permissions ... OK
* checking whether package 'JctSeqExData2' can be installed ... OK
* checking installed package size ... NOTE
  installed size is 132.3Mb
  sub-directories of 1Mb or more:
    data       8.7Mb
    extdata  123.2Mb
* checking package directory ... OK
* checking DESCRIPTION meta-information ... OK
* checking top-level files ... OK
* checking for left-over files ... OK
* checking index information ... OK
* checking package subdirectories ... OK
* checking whether the package can be loaded ... OK
* checking whether the package can be loaded with stated dependencies ... OK
* checking whether the package can be unloaded cleanly ... OK
* checking whether the namespace can be loaded with stated dependencies ... OK
* checking whether the namespace can be unloaded cleanly ... OK
* checking loading without being on the library search path ... OK
* checking Rd files ... OK
* checking Rd metadata ... OK
* checking Rd cross-references ... OK
* checking for missing documentation entries ... OK
* checking for code/documentation mismatches ... OK
* checking Rd \usage sections ... OK
* checking Rd contents ... OK
* checking for unstated dependencies in examples ... OK
* checking contents of 'data' directory ... OK
* checking data for non-ASCII characters ... OK
* checking data for ASCII and uncompressed saves ... OK
* checking examples ... OK
* checking PDF version of manual ... OK
* DONE

Status: 1 NOTE
See
  '/home/hartleys/UTILS/R/JSBuildRelease/JunctionSeq_0.6.7/JunctionSeq/vignettes/JctSeqExData2.Rcheck/00check.log'
for details.


----- R CMD exDataCheck COMPLETE (Wed Nov 18 12:08:47 EST 2015) -----
