----- R CMD exDataBiocCheck (Wed Nov 18 13:07:44 EST 2015)          -----
R version 3.2.2 (2015-08-14) -- "Fire Safety"
Copyright (C) 2015 The R Foundation for Statistical Computing
Platform: x86_64-pc-linux-gnu (64-bit)

R is free software and comes with ABSOLUTELY NO WARRANTY.
You are welcome to redistribute it under the terms of the
GNU General Public License versions 2 or 3.
For more information about these matters see
http://www.gnu.org/licenses/.

----- R CMD exDataBiocCheck STARTING (Wed Nov 18 13:07:45 EST 2015) -----
* This is BiocCheck, version 1.6.0.
* BiocCheck is a work in progress. Output and severity of issues may
  change.
* Installing package...
* Checking for version number mismatch...
* Checking vignette directory...
* Unknown package type, checking vignette directories...
    * REQUIRED: 'vignettes' directory!
* Checking version number...
* Checking version number validity...
* Checking R Version dependency...
    * RECOMMENDED: Update R version dependency from 3.0.2 to 3.2.
* Checking biocViews...
* Checking that biocViews are present...
    * REQUIRED: Add some biocViews!
See http://bioconductor.org/developers/how-to/biocViews/
* Checking build system compatibility...
* Checking for blank lines in DESCRIPTION...
* Checking for whitespace in DESCRIPTION field names...
* Checking that Package field matches dir/tarball name...
* Checking for Version field...
* Checking for valid maintainer...
* Checking unit tests...
    * CONSIDER: Adding unit tests.  We strongly encourage them. See
      http://www.bioconductor.org/developers/how-to/unitTesting-guidelines/.
* Checking native routine registration...
* Checking for deprecated package usage...
* Checking parsed R code in R directory, examples, vignettes...
* Checking for direct slot access...
* Checking for T...
* Checking for F...
* Checking for browser()...
* Checking for <<-...
* Checking for library/require of JctSeqExData2...
* Checking DESCRIPTION/NAMESPACE consistency...
* Checking function lengths.
* Checking man pages...
    * RECOMMENDED: Add non-empty \value sections to the following man
      pages:
      exampleDataSet.Rd
* Checking exported objects have runnable examples...
* Checking package NEWS...
    * CONSIDER: Adding a NEWS file, so your package news will be
      included in Bioconductor release announcements.
* Checking formatting of DESCRIPTION, NAMESPACE, man pages, R source,
  and vignette source...
    * CONSIDER: Shortening lines; 7 lines (7%) are > 80 characters
      long.
    * CONSIDER: Indenting lines with a multiple of 4 spaces; 55 lines
      (62%) are not.
  See http://bioconductor.org/developers/how-to/coding-style/
* Checking for canned comments in man pages...
* Checking if package already exists in CRAN...
* Checking for support site registration...
* Maintainer is registered at support site!


Summary:
REQUIRED count: 2
RECOMMENDED count: 2
CONSIDERATION count: 4
For detailed information about these checks, see the BiocCheck
vignette, available at
http://bioconductor.org/packages/3.2/bioc/vignettes/BiocCheck/inst/doc/BiocCheck.html#interpreting-bioccheck-output
BiocCheck FAILED.
----- R CMD exDataBiocCheck COMPLETE (Wed Nov 18 13:08:15 EST 2015) -----
