----- R CMD BiocCheck (Fri Feb 19 15:18:19 EST 2016) ----- 
R version 3.2.3 (2015-12-10) -- "Wooden Christmas-Tree"
Copyright (C) 2015 The R Foundation for Statistical Computing
Platform: x86_64-pc-linux-gnu (64-bit)

R is free software and comes with ABSOLUTELY NO WARRANTY.
You are welcome to redistribute it under the terms of the
GNU General Public License versions 2 or 3.
For more information about these matters see
http://www.gnu.org/licenses/.

----- R CMD BiocCheck STARTING (Fri Feb 19 15:18:19 EST 2016) -----
* This is BiocCheck, version 1.6.1.
* BiocCheck is a work in progress. Output and severity of issues may
  change.
* Installing package...
* Checking for version number mismatch...
* Checking if other packages can import this one...
* Checking to see if we understand object initialization....
    * CONSIDER: Clarifying how objects 'strwidth, strheight, segments,
      par, segments, text, strheight, runif, hist, packageVersion,
      formula, model.matrix, hist, rchisq, rnorm, hist, loess, predict,
      predict, glm, Gamma, coefficients, lines, coef, model.matrix,
      coefficients, terms, coefficients, weighted.mean, dev.off, qf,
      p.adjust, col2rgb, rgb, strwidth, strheight, strwidth, strheight,
      par, plot.new, plot.window, par, strwidth, lines, rect, segments,
      strheight, plot.new, par, plot.window, rect, text, lines, par,
      plot.new, plot.window, title, segments, legend, rect, abline,
      text, strheight, strwidth, points, strheight, segments, rect,
      strwidth, text, par, lines, formula' (used in JS.arrowChars,
      JS.axis, JS.perGeneQValueBySimulation, JunctionSeqHTML,
      adapted.estimateDispersionsMAP,
      adapted.estimateDispersionsPriorVar,
      adapted.estimateDispersionsPriorVar , adapted.localDispersionFit
      , adapted.parametricDispersionFit, advlines, applyByDimnameOLD,
      arrangeCoefs, arrangeCoefs , balanceFeatures , buildAllPlots,
      calc.filtered.adjusted.p, color2transparent,
      convertHeightToWidth, convertWidthToHeight, device.limits,
      drawGene, drawGene.noSplices, drawHalfLoop, drawPlot,
      drawTranscript, estimateEffectSizes,
      estimateEffectSizes.BigModel, estimateFeatureDispersionFromRow,
      estimateFeatureDispersionFromRow ,
      estimateJunctionSeqDispersions, estimateUnsharedDispersions,
      estimatelog2FoldChanges, extractFromArray,
      fit.character.vector.helper, fit.title, fit.vert,
      fitAndArrangeCoefs, fitDispersionFunctionHelper_SIMPLE,
      fitDispersionFunction_simpleMode, generateAllExpressionEstimates
      , generateAllExpressionEstimates.v2, get.character.dim,
      get.filtered.padjust, getAllData2, getLogFoldChangeFromModel,
      getPlottingDeviceFunc , logConditionalLikelihood ,
      makeGeneLevelAxis, makevstaxis, plotDispEsts,
      plotJunctionSeqResultsForGene, plotMA, plotMA_HELPER,
      plotTranscriptsOnly, plotting.limits, qorts.axis.break,
      readAnnotationData, readGeneInfo, readJunctionSeqCounts,
      readJunctionSeqCounts , reportMem, runJunctionSeqAnalyses,
      shrink.character.vector, strheightSRT90,
      testFeatureForDJU.fromCountVector, testForDiffUsage,
      write.fmt.table, write.junction.bed.file,
      write.junction.bed.file.GTFCONVERT, write.simple.table.gz,
      writeCompleteResults, writeExprBedTrack, writeSizeFactors) were
      initialized. Maybe they are part of a data set loaded with
      data(), or perhaps part of an object referenced in with() or
      within().
* Checking vignette directory...
* This is a software package, checking vignette directories...
* # of chunks: 37, # of eval=FALSE: 13 (35%)
* Checking version number...
* Checking version number validity...
    * RECOMMENDED: y of x.y.z version should be even in release
* Checking R Version dependency...
* Checking biocViews...
* Checking that biocViews are present...
* Checking that biocViews come from the same category...
* Checking biocViews validity...
* Checking for recommended biocViews...
    * CONSIDER: Adding some of these automatically suggested biocViews:
      Coverage
See http://bioconductor.org/developers/how-to/biocViews/
* Checking build system compatibility...
* Checking for blank lines in DESCRIPTION...
* Checking for whitespace in DESCRIPTION field names...
* Checking that Package field matches dir/tarball name...
* Checking for Version field...
* Checking for valid maintainer...
* Checking unit tests...
    * CONSIDER: Adding unit tests.  We strongly encourage them. See
      http://www.bioconductor.org/developers/how-to/unitTesting-guidelines/.
* Checking native routine registration...
* Checking for deprecated package usage...
* Checking parsed R code in R directory, examples, vignettes...
* Checking for direct slot access...
* Checking for T...
* Checking for F...
* Checking for browser()...
* Checking for <<-...
      Found <<- in R/adapted.functions.R (line 413, column 26)
    * CONSIDER: Avoiding '<<-'' if possible (found in 1 files)
* Checking for library/require of JunctionSeq...
* Checking DESCRIPTION/NAMESPACE consistency...
* Checking function lengths.............................
* The longest function is 743 lines long
* The longest 5 functions are:
* plotJunctionSeqResultsForGene() (R/main.plotGenes.R, line 572): 743
  lines
* JunctionSeqHTML() (R/file.output.R, line 16): 397 lines
* makeAllPlotPages() (R/file.output.R, line 519): 314 lines
* buildAllPlots() (R/main.plotGenes.R, line 18): 267 lines
* drawPlot() (R/plotting.helpers.R, line 234): 235 lines
* Checking man pages...
* Checking exported objects have runnable examples...
    * CONSIDER: Adding runnable examples to the following man pages
      which document exported objects:
      estimateJunctionSeqDispersions.Rd, runJunctionSeqAnalyses.Rd
* Checking package NEWS...
* Checking formatting of DESCRIPTION, NAMESPACE, man pages, R source,
  and vignette source...
    * CONSIDER: Shortening lines; 2293 lines (17%) are > 80 characters
      long.
    * CONSIDER: Replacing tabs with 4 spaces; 11 lines (0%) contain
      tabs.
    * CONSIDER: Indenting lines with a multiple of 4 spaces; 7193 lines
      (54%) are not.
  See http://bioconductor.org/developers/how-to/coding-style/
* Checking for canned comments in man pages...
* Checking if package already exists in CRAN...
* Checking for support site registration...
Error in curl::curl_fetch_memory(url, handle = handle) : 
  Timeout was reached
Calls: <Anonymous> ... request_fetch -> request_fetch.write_memory -> <Anonymous> -> .Call
Execution halted
----- R CMD BiocCheck COMPLETE (Fri Feb 19 15:19:52 EST 2016) -----
