----- R CMD CHECK (Mon Feb 29 17:14:43 EST 2016) ----- 
R version 3.2.3 (2015-12-10) -- "Wooden Christmas-Tree"
Copyright (C) 2015 The R Foundation for Statistical Computing
Platform: x86_64-pc-linux-gnu (64-bit)

R is free software and comes with ABSOLUTELY NO WARRANTY.
You are welcome to redistribute it under the terms of the
GNU General Public License versions 2 or 3.
For more information about these matters see
http://www.gnu.org/licenses/.

----- R CMD CHECK STARTING (Mon Feb 29 17:14:43 EST 2016) -----
* using log directory '/home/hartleys/UTILS/R/JSBuildRelease/JunctionSeq_1.1.16/JunctionSeq.Rcheck'
* using R version 3.2.3 (2015-12-10)
* using platform: x86_64-pc-linux-gnu (64-bit)
* using session charset: ASCII
* using option '--no-build-vignettes'
* checking for file 'JunctionSeq/DESCRIPTION' ... OK
* this is package 'JunctionSeq' version '1.1.16'
* checking package namespace information ... OK
* checking package dependencies ... OK
* checking if this is a source package ... OK
* checking if there is a namespace ... OK
* checking for executable files ... OK
* checking for hidden files and directories ... OK
* checking for portable file names ... OK
* checking for sufficient/correct file permissions ... OK
* checking whether package 'JunctionSeq' can be installed ... OK
* checking installed package size ... OK
* checking package directory ... OK
* checking 'build' directory ... OK
* checking DESCRIPTION meta-information ... OK
* checking top-level files ... OK
* checking for left-over files ... OK
* checking index information ... OK
* checking package subdirectories ... OK
* checking R files for non-ASCII characters ... OK
* checking R files for syntax errors ... OK
* checking whether the package can be loaded ... OK
* checking whether the package can be loaded with stated dependencies ... OK
* checking whether the package can be unloaded cleanly ... OK
* checking whether the namespace can be loaded with stated dependencies ... OK
* checking whether the namespace can be unloaded cleanly ... OK
* checking loading without being on the library search path ... OK
* checking dependencies in R code ... OK
* checking S3 generic/method consistency ... OK
* checking replacement functions ... OK
* checking foreign function calls ... NOTE
Foreign function calls to a different package:
  .Call("DESeq2_fitBeta", ..., PACKAGE = "DESeq2")
  .Call("DESeq2_fitDisp", ..., PACKAGE = "DESeq2")
  .Call("DESeq2_fitDispGrid", ..., PACKAGE = "DESeq2")
  .Call("DESeq2_rlogGrid", ..., PACKAGE = "DESeq2")
See chapter 'System and foreign language interfaces' in the 'Writing R
Extensions' manual.
* checking R code for possible problems ... OK
* checking Rd files ... OK
* checking Rd metadata ... OK
* checking Rd cross-references ... OK
* checking for missing documentation entries ... OK
* checking for code/documentation mismatches ... OK
* checking Rd \usage sections ... OK
* checking Rd contents ... OK
* checking for unstated dependencies in examples ... OK
* checking installed files from 'inst/doc' ... OK
* checking files in 'vignettes' ... OK
* checking examples ... OK
* checking for unstated dependencies in vignettes ... OK
* checking package vignettes in 'inst/doc' ... OK
* checking running R code from vignettes ...
   'JunctionSeq.Rnw' ... OK
 OK
* checking re-building of vignette outputs ... SKIPPED
* checking PDF version of manual ... OK
* DONE

Status: 1 NOTE
See
  '/home/hartleys/UTILS/R/JSBuildRelease/JunctionSeq_1.1.16/JunctionSeq.Rcheck/00check.log'
for details.


----- R CMD CHECK COMPLETE (Mon Feb 29 17:18:49 EST 2016) -----
